[ 2016-11-22T11:37:23+08:00 ] 127.0.0.1 /
INFO: [ app_init ] --START--
INFO: Run Behavior\BuildLiteBehavior [ RunTime:0.000015s ]
INFO: [ app_init ] --END-- [ RunTime:0.000396s ]
INFO: [ app_begin ] --START--
INFO: Run Behavior\ReadHtmlCacheBehavior [ RunTime:0.000881s ]
INFO: [ app_begin ] --END-- [ RunTime:0.000965s ]
INFO: [ view_parse ] --START--
INFO: [ template_filter ] --START--
INFO: Run Behavior\ContentReplaceBehavior [ RunTime:0.044791s ]
INFO: [ template_filter ] --END-- [ RunTime:0.044881s ]
INFO: Run Behavior\ParseTemplateBehavior [ RunTime:0.172262s ]
INFO: [ view_parse ] --END-- [ RunTime:0.172345s ]
INFO: [ view_filter ] --START--
INFO: Run Behavior\WriteHtmlCacheBehavior [ RunTime:0.014789s ]
INFO: [ view_filter ] --END-- [ RunTime:0.014841s ]
INFO: [ app_end ] --START--
INFO: Run Behavior\ShowPageTraceBehavior [ RunTime:0.000669s ]
INFO: [ app_end ] --END-- [ RunTime:0.000716s ]

[ 2016-11-22T11:37:25+08:00 ] 127.0.0.1 /Admin/Login/captcha
INFO: [ app_init ] --START--
INFO: Run Behavior\BuildLiteBehavior [ RunTime:0.000015s ]
INFO: [ app_init ] --END-- [ RunTime:0.000545s ]
INFO: [ app_begin ] --START--
INFO: Run Behavior\ReadHtmlCacheBehavior [ RunTime:0.000930s ]
INFO: [ app_begin ] --END-- [ RunTime:0.001013s ]
INFO: [ app_end ] --START--
INFO: Run Behavior\ShowPageTraceBehavior [ RunTime:0.000851s ]
INFO: [ app_end ] --END-- [ RunTime:0.000920s ]

[ 2016-11-22T11:37:38+08:00 ] 127.0.0.1 /Admin/Login/login
INFO: [ app_init ] --START--
INFO: Run Behavior\BuildLiteBehavior [ RunTime:0.000015s ]
INFO: [ app_init ] --END-- [ RunTime:0.000338s ]
INFO: [ app_begin ] --START--
INFO: Run Behavior\ReadHtmlCacheBehavior [ RunTime:0.000490s ]
INFO: [ app_begin ] --END-- [ RunTime:0.000538s ]
SQL: SHOW COLUMNS FROM `it_admin` [ RunTime:0.3136s ]
NOTIC: [8] Undefined index: auto D:\wamp\apache\htdocs\szshop\ThinkPHP\Library\Think\Model.class.php 第 1129 行.
SQL: SHOW COLUMNS FROM `it_admin` [ RunTime:0.0052s ]
SQL: SELECT * FROM `it_admin` WHERE ( admin_name='admin' ) LIMIT 1   [ RunTime:0.0553s ]
INFO: [ view_parse ] --START--
INFO: [ template_filter ] --START--
INFO: Run Behavior\ContentReplaceBehavior [ RunTime:0.000254s ]
INFO: [ template_filter ] --END-- [ RunTime:0.000315s ]
INFO: Run Behavior\ParseTemplateBehavior [ RunTime:0.048940s ]
INFO: [ view_parse ] --END-- [ RunTime:0.049004s ]
INFO: [ view_filter ] --START--
INFO: Run Behavior\WriteHtmlCacheBehavior [ RunTime:0.000413s ]
INFO: [ view_filter ] --END-- [ RunTime:0.000460s ]

[ 2016-11-22T11:37:39+08:00 ] 127.0.0.1 /Admin/index/index.html
INFO: [ app_init ] --START--
INFO: Run Behavior\BuildLiteBehavior [ RunTime:0.000015s ]
INFO: [ app_init ] --END-- [ RunTime:0.000375s ]
INFO: [ app_begin ] --START--
INFO: Run Behavior\ReadHtmlCacheBehavior [ RunTime:0.000495s ]
INFO: [ app_begin ] --END-- [ RunTime:0.000546s ]
SQL: SHOW COLUMNS FROM `it_admin` [ RunTime:0.0151s ]
INFO: [ view_parse ] --START--
INFO: [ template_filter ] --START--
INFO: Run Behavior\ContentReplaceBehavior [ RunTime:0.000056s ]
INFO: [ template_filter ] --END-- [ RunTime:0.000124s ]
INFO: Run Behavior\ParseTemplateBehavior [ RunTime:0.015790s ]
INFO: [ view_parse ] --END-- [ RunTime:0.015875s ]
INFO: [ view_filter ] --START--
INFO: Run Behavior\WriteHtmlCacheBehavior [ RunTime:0.000377s ]
INFO: [ view_filter ] --END-- [ RunTime:0.000418s ]
INFO: [ app_end ] --START--
INFO: Run Behavior\ShowPageTraceBehavior [ RunTime:0.000543s ]
INFO: [ app_end ] --END-- [ RunTime:0.000589s ]

[ 2016-11-22T11:37:39+08:00 ] 127.0.0.1 /Admin/Index/top
INFO: [ app_init ] --START--
INFO: Run Behavior\BuildLiteBehavior [ RunTime:0.000021s ]
INFO: [ app_init ] --END-- [ RunTime:0.000488s ]
INFO: [ app_begin ] --START--
INFO: Run Behavior\ReadHtmlCacheBehavior [ RunTime:0.001885s ]
INFO: [ app_begin ] --END-- [ RunTime:0.001989s ]
SQL: SHOW COLUMNS FROM `it_admin` [ RunTime:0.0111s ]
INFO: [ view_parse ] --START--
INFO: [ template_filter ] --START--
INFO: Run Behavior\ContentReplaceBehavior [ RunTime:0.000110s ]
INFO: [ template_filter ] --END-- [ RunTime:0.000236s ]
INFO: Run Behavior\ParseTemplateBehavior [ RunTime:0.029368s ]
INFO: [ view_parse ] --END-- [ RunTime:0.029433s ]
INFO: [ view_filter ] --START--
INFO: Run Behavior\WriteHtmlCacheBehavior [ RunTime:0.000338s ]
INFO: [ view_filter ] --END-- [ RunTime:0.000375s ]
INFO: [ app_end ] --START--
INFO: Run Behavior\ShowPageTraceBehavior [ RunTime:0.000535s ]
INFO: [ app_end ] --END-- [ RunTime:0.000584s ]

[ 2016-11-22T11:37:40+08:00 ] 127.0.0.1 /Admin/Index/left
INFO: [ app_init ] --START--
INFO: Run Behavior\BuildLiteBehavior [ RunTime:0.000015s ]
INFO: [ app_init ] --END-- [ RunTime:0.000362s ]
INFO: [ app_begin ] --START--
INFO: Run Behavior\ReadHtmlCacheBehavior [ RunTime:0.000594s ]
INFO: [ app_begin ] --END-- [ RunTime:0.000670s ]
SQL: SHOW COLUMNS FROM `it_admin` [ RunTime:0.0355s ]
SQL: select * from it_privilege [ RunTime:0.0658s ]
INFO: [ view_parse ] --START--
INFO: [ template_filter ] --START--
INFO: Run Behavior\ContentReplaceBehavior [ RunTime:0.000071s ]
INFO: [ template_filter ] --END-- [ RunTime:0.000132s ]
NOTIC: [8] Undefined index: child D:\wamp\apache\htdocs\szshop\App\Runtime\Cache\Admin\6a50c6d503dcfec33a87262cae7a0f6e.php 第 147 行.
NOTIC: [2] Invalid argument supplied for foreach() D:\wamp\apache\htdocs\szshop\App\Runtime\Cache\Admin\6a50c6d503dcfec33a87262cae7a0f6e.php 第 147 行.
INFO: Run Behavior\ParseTemplateBehavior [ RunTime:0.136728s ]
INFO: [ view_parse ] --END-- [ RunTime:0.136788s ]
INFO: [ view_filter ] --START--
INFO: Run Behavior\WriteHtmlCacheBehavior [ RunTime:0.000392s ]
INFO: [ view_filter ] --END-- [ RunTime:0.000435s ]
INFO: [ app_end ] --START--
INFO: Run Behavior\ShowPageTraceBehavior [ RunTime:0.000695s ]
INFO: [ app_end ] --END-- [ RunTime:0.000764s ]

[ 2016-11-22T11:37:40+08:00 ] 127.0.0.1 /Admin/images/menu_minus.gif
INFO: [ app_init ] --START--
INFO: Run Behavior\BuildLiteBehavior [ RunTime:0.000014s ]
INFO: [ app_init ] --END-- [ RunTime:0.000340s ]

[ 2016-11-22T11:37:40+08:00 ] 127.0.0.1 /Admin/Index/drag
INFO: [ app_init ] --START--
INFO: Run Behavior\BuildLiteBehavior [ RunTime:0.000016s ]
INFO: [ app_init ] --END-- [ RunTime:0.000369s ]
INFO: [ app_begin ] --START--
INFO: Run Behavior\ReadHtmlCacheBehavior [ RunTime:0.000597s ]
INFO: [ app_begin ] --END-- [ RunTime:0.000664s ]
SQL: SHOW COLUMNS FROM `it_admin` [ RunTime:0.0261s ]
INFO: [ view_parse ] --START--
INFO: [ template_filter ] --START--
INFO: Run Behavior\ContentReplaceBehavior [ RunTime:0.000049s ]
INFO: [ template_filter ] --END-- [ RunTime:0.000099s ]
INFO: Run Behavior\ParseTemplateBehavior [ RunTime:0.005550s ]
INFO: [ view_parse ] --END-- [ RunTime:0.005604s ]
INFO: [ view_filter ] --START--
INFO: Run Behavior\WriteHtmlCacheBehavior [ RunTime:0.000205s ]
INFO: [ view_filter ] --END-- [ RunTime:0.000247s ]
INFO: [ app_end ] --START--
INFO: Run Behavior\ShowPageTraceBehavior [ RunTime:0.000536s ]
INFO: [ app_end ] --END-- [ RunTime:0.000579s ]

[ 2016-11-22T11:37:40+08:00 ] 127.0.0.1 /Admin/Index/main
INFO: [ app_init ] --START--
INFO: Run Behavior\BuildLiteBehavior [ RunTime:0.000016s ]
INFO: [ app_init ] --END-- [ RunTime:0.000399s ]
INFO: [ app_begin ] --START--
INFO: Run Behavior\ReadHtmlCacheBehavior [ RunTime:0.000712s ]
INFO: [ app_begin ] --END-- [ RunTime:0.000773s ]
SQL: SHOW COLUMNS FROM `it_admin` [ RunTime:0.0793s ]
INFO: [ view_parse ] --START--
INFO: [ template_filter ] --START--
INFO: Run Behavior\ContentReplaceBehavior [ RunTime:0.000071s ]
INFO: [ template_filter ] --END-- [ RunTime:0.000131s ]
INFO: Run Behavior\ParseTemplateBehavior [ RunTime:0.081467s ]
INFO: [ view_parse ] --END-- [ RunTime:0.081568s ]
INFO: [ view_filter ] --START--
INFO: Run Behavior\WriteHtmlCacheBehavior [ RunTime:0.000489s ]
INFO: [ view_filter ] --END-- [ RunTime:0.000537s ]
INFO: [ app_end ] --START--
INFO: Run Behavior\ShowPageTraceBehavior [ RunTime:0.000682s ]
INFO: [ app_end ] --END-- [ RunTime:0.000743s ]

[ 2016-11-22T11:37:40+08:00 ] 127.0.0.1 /Admin/images/menu_arrow.gif
INFO: [ app_init ] --START--
INFO: Run Behavior\BuildLiteBehavior [ RunTime:0.000062s ]
INFO: [ app_init ] --END-- [ RunTime:0.013187s ]

[ 2016-11-22T11:37:53+08:00 ] 127.0.0.1 /Admin/Privilege/lst
INFO: [ app_init ] --START--
INFO: Run Behavior\BuildLiteBehavior [ RunTime:0.000021s ]
INFO: [ app_init ] --END-- [ RunTime:0.000487s ]
INFO: [ app_begin ] --START--
INFO: Run Behavior\ReadHtmlCacheBehavior [ RunTime:0.000910s ]
INFO: [ app_begin ] --END-- [ RunTime:0.000993s ]
SQL: SHOW COLUMNS FROM `it_admin` [ RunTime:0.0047s ]
SQL: SHOW COLUMNS FROM `it_privilege` [ RunTime:0.0046s ]
SQL: SELECT * FROM `it_privilege`  [ RunTime:0.0003s ]
INFO: [ view_parse ] --START--
INFO: [ template_filter ] --START--
INFO: Run Behavior\ContentReplaceBehavior [ RunTime:0.000061s ]
INFO: [ template_filter ] --END-- [ RunTime:0.000116s ]
NOTIC: [8] Undefined variable: vol D:\wamp\apache\htdocs\szshop\App\Runtime\Cache\Admin\ecce1abb13ce72d775da114a2786ea11.php 第 43 行.
NOTIC: [8] Undefined variable: vol D:\wamp\apache\htdocs\szshop\App\Runtime\Cache\Admin\ecce1abb13ce72d775da114a2786ea11.php 第 44 行.
NOTIC: [8] Undefined variable: vol D:\wamp\apache\htdocs\szshop\App\Runtime\Cache\Admin\ecce1abb13ce72d775da114a2786ea11.php 第 43 行.
NOTIC: [8] Undefined variable: vol D:\wamp\apache\htdocs\szshop\App\Runtime\Cache\Admin\ecce1abb13ce72d775da114a2786ea11.php 第 44 行.
NOTIC: [8] Undefined variable: vol D:\wamp\apache\htdocs\szshop\App\Runtime\Cache\Admin\ecce1abb13ce72d775da114a2786ea11.php 第 43 行.
NOTIC: [8] Undefined variable: vol D:\wamp\apache\htdocs\szshop\App\Runtime\Cache\Admin\ecce1abb13ce72d775da114a2786ea11.php 第 44 行.
NOTIC: [8] Undefined variable: vol D:\wamp\apache\htdocs\szshop\App\Runtime\Cache\Admin\ecce1abb13ce72d775da114a2786ea11.php 第 43 行.
NOTIC: [8] Undefined variable: vol D:\wamp\apache\htdocs\szshop\App\Runtime\Cache\Admin\ecce1abb13ce72d775da114a2786ea11.php 第 44 行.
NOTIC: [8] Undefined variable: vol D:\wamp\apache\htdocs\szshop\App\Runtime\Cache\Admin\ecce1abb13ce72d775da114a2786ea11.php 第 43 行.
NOTIC: [8] Undefined variable: vol D:\wamp\apache\htdocs\szshop\App\Runtime\Cache\Admin\ecce1abb13ce72d775da114a2786ea11.php 第 44 行.
NOTIC: [8] Undefined variable: vol D:\wamp\apache\htdocs\szshop\App\Runtime\Cache\Admin\ecce1abb13ce72d775da114a2786ea11.php 第 43 行.
NOTIC: [8] Undefined variable: vol D:\wamp\apache\htdocs\szshop\App\Runtime\Cache\Admin\ecce1abb13ce72d775da114a2786ea11.php 第 44 行.
NOTIC: [8] Undefined variable: vol D:\wamp\apache\htdocs\szshop\App\Runtime\Cache\Admin\ecce1abb13ce72d775da114a2786ea11.php 第 43 行.
NOTIC: [8] Undefined variable: vol D:\wamp\apache\htdocs\szshop\App\Runtime\Cache\Admin\ecce1abb13ce72d775da114a2786ea11.php 第 44 行.
NOTIC: [8] Undefined variable: vol D:\wamp\apache\htdocs\szshop\App\Runtime\Cache\Admin\ecce1abb13ce72d775da114a2786ea11.php 第 43 行.
NOTIC: [8] Undefined variable: vol D:\wamp\apache\htdocs\szshop\App\Runtime\Cache\Admin\ecce1abb13ce72d775da114a2786ea11.php 第 44 行.
NOTIC: [8] Undefined variable: vol D:\wamp\apache\htdocs\szshop\App\Runtime\Cache\Admin\ecce1abb13ce72d775da114a2786ea11.php 第 43 行.
NOTIC: [8] Undefined variable: vol D:\wamp\apache\htdocs\szshop\App\Runtime\Cache\Admin\ecce1abb13ce72d775da114a2786ea11.php 第 44 行.
NOTIC: [8] Undefined variable: vol D:\wamp\apache\htdocs\szshop\App\Runtime\Cache\Admin\ecce1abb13ce72d775da114a2786ea11.php 第 43 行.
NOTIC: [8] Undefined variable: vol D:\wamp\apache\htdocs\szshop\App\Runtime\Cache\Admin\ecce1abb13ce72d775da114a2786ea11.php 第 44 行.
NOTIC: [8] Undefined variable: vol D:\wamp\apache\htdocs\szshop\App\Runtime\Cache\Admin\ecce1abb13ce72d775da114a2786ea11.php 第 43 行.
NOTIC: [8] Undefined variable: vol D:\wamp\apache\htdocs\szshop\App\Runtime\Cache\Admin\ecce1abb13ce72d775da114a2786ea11.php 第 44 行.
NOTIC: [8] Undefined variable: vol D:\wamp\apache\htdocs\szshop\App\Runtime\Cache\Admin\ecce1abb13ce72d775da114a2786ea11.php 第 43 行.
NOTIC: [8] Undefined variable: vol D:\wamp\apache\htdocs\szshop\App\Runtime\Cache\Admin\ecce1abb13ce72d775da114a2786ea11.php 第 44 行.
NOTIC: [8] Undefined variable: vol D:\wamp\apache\htdocs\szshop\App\Runtime\Cache\Admin\ecce1abb13ce72d775da114a2786ea11.php 第 43 行.
NOTIC: [8] Undefined variable: vol D:\wamp\apache\htdocs\szshop\App\Runtime\Cache\Admin\ecce1abb13ce72d775da114a2786ea11.php 第 44 行.
NOTIC: [8] Undefined variable: vol D:\wamp\apache\htdocs\szshop\App\Runtime\Cache\Admin\ecce1abb13ce72d775da114a2786ea11.php 第 43 行.
NOTIC: [8] Undefined variable: vol D:\wamp\apache\htdocs\szshop\App\Runtime\Cache\Admin\ecce1abb13ce72d775da114a2786ea11.php 第 44 行.
NOTIC: [8] Undefined variable: vol D:\wamp\apache\htdocs\szshop\App\Runtime\Cache\Admin\ecce1abb13ce72d775da114a2786ea11.php 第 43 行.
NOTIC: [8] Undefined variable: vol D:\wamp\apache\htdocs\szshop\App\Runtime\Cache\Admin\ecce1abb13ce72d775da114a2786ea11.php 第 44 行.
NOTIC: [8] Undefined variable: vol D:\wamp\apache\htdocs\szshop\App\Runtime\Cache\Admin\ecce1abb13ce72d775da114a2786ea11.php 第 43 行.
NOTIC: [8] Undefined variable: vol D:\wamp\apache\htdocs\szshop\App\Runtime\Cache\Admin\ecce1abb13ce72d775da114a2786ea11.php 第 44 行.
NOTIC: [8] Undefined variable: vol D:\wamp\apache\htdocs\szshop\App\Runtime\Cache\Admin\ecce1abb13ce72d775da114a2786ea11.php 第 43 行.
NOTIC: [8] Undefined variable: vol D:\wamp\apache\htdocs\szshop\App\Runtime\Cache\Admin\ecce1abb13ce72d775da114a2786ea11.php 第 44 行.
NOTIC: [8] Undefined variable: vol D:\wamp\apache\htdocs\szshop\App\Runtime\Cache\Admin\ecce1abb13ce72d775da114a2786ea11.php 第 43 行.
NOTIC: [8] Undefined variable: vol D:\wamp\apache\htdocs\szshop\App\Runtime\Cache\Admin\ecce1abb13ce72d775da114a2786ea11.php 第 44 行.
INFO: Run Behavior\ParseTemplateBehavior [ RunTime:0.044530s ]
INFO: [ view_parse ] --END-- [ RunTime:0.044589s ]
INFO: [ view_filter ] --START--
INFO: Run Behavior\WriteHtmlCacheBehavior [ RunTime:0.000356s ]
INFO: [ view_filter ] --END-- [ RunTime:0.000394s ]
INFO: [ app_end ] --START--
INFO: Run Behavior\ShowPageTraceBehavior [ RunTime:0.000879s ]
INFO: [ app_end ] --END-- [ RunTime:0.000982s ]

[ 2016-11-22T16:25:43+08:00 ] 127.0.0.1 /Admin/Index/index
INFO: [ app_init ] --START--
INFO: Run Behavior\BuildLiteBehavior [ RunTime:0.000019s ]
INFO: [ app_init ] --END-- [ RunTime:0.012307s ]
INFO: [ app_begin ] --START--
INFO: Run Behavior\ReadHtmlCacheBehavior [ RunTime:0.000772s ]
INFO: [ app_begin ] --END-- [ RunTime:0.000875s ]
SQL: SHOW COLUMNS FROM `it_admin` [ RunTime:0.0358s ]
INFO: [ view_parse ] --START--
INFO: [ template_filter ] --START--
INFO: Run Behavior\ContentReplaceBehavior [ RunTime:0.000060s ]
INFO: [ template_filter ] --END-- [ RunTime:0.000119s ]
INFO: Run Behavior\ParseTemplateBehavior [ RunTime:0.044257s ]
INFO: [ view_parse ] --END-- [ RunTime:0.044319s ]
INFO: [ view_filter ] --START--
INFO: Run Behavior\WriteHtmlCacheBehavior [ RunTime:0.000353s ]
INFO: [ view_filter ] --END-- [ RunTime:0.000390s ]
INFO: [ app_end ] --START--
INFO: Run Behavior\ShowPageTraceBehavior [ RunTime:0.000604s ]
INFO: [ app_end ] --END-- [ RunTime:0.000646s ]

[ 2016-11-22T16:25:44+08:00 ] 127.0.0.1 /Admin/Index/top
INFO: [ app_init ] --START--
INFO: Run Behavior\BuildLiteBehavior [ RunTime:0.000017s ]
INFO: [ app_init ] --END-- [ RunTime:0.000435s ]
INFO: [ app_begin ] --START--
INFO: Run Behavior\ReadHtmlCacheBehavior [ RunTime:0.000564s ]
INFO: [ app_begin ] --END-- [ RunTime:0.000656s ]
SQL: SHOW COLUMNS FROM `it_admin` [ RunTime:0.0112s ]
INFO: [ view_parse ] --START--
INFO: [ template_filter ] --START--
INFO: Run Behavior\ContentReplaceBehavior [ RunTime:0.000066s ]
INFO: [ template_filter ] --END-- [ RunTime:0.000133s ]
INFO: Run Behavior\ParseTemplateBehavior [ RunTime:0.020223s ]
INFO: [ view_parse ] --END-- [ RunTime:0.020296s ]
INFO: [ view_filter ] --START--
INFO: Run Behavior\WriteHtmlCacheBehavior [ RunTime:0.000332s ]
INFO: [ view_filter ] --END-- [ RunTime:0.000370s ]
INFO: [ app_end ] --START--
INFO: Run Behavior\ShowPageTraceBehavior [ RunTime:0.000558s ]
INFO: [ app_end ] --END-- [ RunTime:0.000602s ]

[ 2016-11-22T16:25:45+08:00 ] 127.0.0.1 /Admin/Index/left
INFO: [ app_init ] --START--
INFO: Run Behavior\BuildLiteBehavior [ RunTime:0.000015s ]
INFO: [ app_init ] --END-- [ RunTime:0.000452s ]
INFO: [ app_begin ] --START--
INFO: Run Behavior\ReadHtmlCacheBehavior [ RunTime:0.000959s ]
INFO: [ app_begin ] --END-- [ RunTime:0.001061s ]
SQL: SHOW COLUMNS FROM `it_admin` [ RunTime:0.0288s ]
SQL: select * from it_privilege [ RunTime:0.0477s ]
INFO: [ view_parse ] --START--
INFO: [ template_filter ] --START--
INFO: Run Behavior\ContentReplaceBehavior [ RunTime:0.000075s ]
INFO: [ template_filter ] --END-- [ RunTime:0.000134s ]
NOTIC: [8] Undefined index: child D:\wamp\apache\htdocs\szshop\App\Runtime\Cache\Admin\6a50c6d503dcfec33a87262cae7a0f6e.php 第 147 行.
NOTIC: [2] Invalid argument supplied for foreach() D:\wamp\apache\htdocs\szshop\App\Runtime\Cache\Admin\6a50c6d503dcfec33a87262cae7a0f6e.php 第 147 行.
INFO: Run Behavior\ParseTemplateBehavior [ RunTime:0.053504s ]
INFO: [ view_parse ] --END-- [ RunTime:0.053558s ]
INFO: [ view_filter ] --START--
INFO: Run Behavior\WriteHtmlCacheBehavior [ RunTime:0.000293s ]
INFO: [ view_filter ] --END-- [ RunTime:0.000331s ]
INFO: [ app_end ] --START--
INFO: Run Behavior\ShowPageTraceBehavior [ RunTime:0.000612s ]
INFO: [ app_end ] --END-- [ RunTime:0.000683s ]

[ 2016-11-22T16:25:45+08:00 ] 127.0.0.1 /Admin/images/menu_arrow.gif
INFO: [ app_init ] --START--
INFO: Run Behavior\BuildLiteBehavior [ RunTime:0.000014s ]
INFO: [ app_init ] --END-- [ RunTime:0.000369s ]

[ 2016-11-22T16:25:45+08:00 ] 127.0.0.1 /Admin/images/menu_minus.gif
INFO: [ app_init ] --START--
INFO: Run Behavior\BuildLiteBehavior [ RunTime:0.000014s ]
INFO: [ app_init ] --END-- [ RunTime:0.000338s ]

[ 2016-11-22T16:25:45+08:00 ] 127.0.0.1 /Admin/Index/main
INFO: [ app_init ] --START--
INFO: Run Behavior\BuildLiteBehavior [ RunTime:0.000018s ]
INFO: [ app_init ] --END-- [ RunTime:0.013199s ]
INFO: [ app_begin ] --START--
INFO: Run Behavior\ReadHtmlCacheBehavior [ RunTime:0.000880s ]
INFO: [ app_begin ] --END-- [ RunTime:0.000976s ]
SQL: SHOW COLUMNS FROM `it_admin` [ RunTime:0.0236s ]
INFO: [ view_parse ] --START--
INFO: [ template_filter ] --START--
INFO: Run Behavior\ContentReplaceBehavior [ RunTime:0.000078s ]
INFO: [ template_filter ] --END-- [ RunTime:0.000141s ]
INFO: Run Behavior\ParseTemplateBehavior [ RunTime:0.089231s ]
INFO: [ view_parse ] --END-- [ RunTime:0.089288s ]
INFO: [ view_filter ] --START--
INFO: Run Behavior\WriteHtmlCacheBehavior [ RunTime:0.000290s ]
INFO: [ view_filter ] --END-- [ RunTime:0.000327s ]
INFO: [ app_end ] --START--
INFO: Run Behavior\ShowPageTraceBehavior [ RunTime:0.000583s ]
INFO: [ app_end ] --END-- [ RunTime:0.000637s ]

[ 2016-11-22T16:25:45+08:00 ] 127.0.0.1 /Admin/Index/drag
INFO: [ app_init ] --START--
INFO: Run Behavior\BuildLiteBehavior [ RunTime:0.000019s ]
INFO: [ app_init ] --END-- [ RunTime:0.024776s ]
INFO: [ app_begin ] --START--
INFO: Run Behavior\ReadHtmlCacheBehavior [ RunTime:0.000665s ]
INFO: [ app_begin ] --END-- [ RunTime:0.000740s ]
SQL: SHOW COLUMNS FROM `it_admin` [ RunTime:0.0049s ]
INFO: [ view_parse ] --START--
INFO: [ template_filter ] --START--
INFO: Run Behavior\ContentReplaceBehavior [ RunTime:0.000054s ]
INFO: [ template_filter ] --END-- [ RunTime:0.000121s ]
INFO: Run Behavior\ParseTemplateBehavior [ RunTime:0.050977s ]
INFO: [ view_parse ] --END-- [ RunTime:0.051052s ]
INFO: [ view_filter ] --START--
INFO: Run Behavior\WriteHtmlCacheBehavior [ RunTime:0.000310s ]
INFO: [ view_filter ] --END-- [ RunTime:0.000349s ]
INFO: [ app_end ] --START--
INFO: Run Behavior\ShowPageTraceBehavior [ RunTime:0.000595s ]
INFO: [ app_end ] --END-- [ RunTime:0.000640s ]

[ 2016-11-22T16:26:05+08:00 ] 127.0.0.1 /Admin/Goods/lst
INFO: [ app_init ] --START--
INFO: Run Behavior\BuildLiteBehavior [ RunTime:0.000015s ]
INFO: [ app_init ] --END-- [ RunTime:0.000360s ]
INFO: [ app_begin ] --START--
INFO: Run Behavior\ReadHtmlCacheBehavior [ RunTime:0.000486s ]
INFO: [ app_begin ] --END-- [ RunTime:0.000534s ]
SQL: SHOW COLUMNS FROM `it_admin` [ RunTime:0.0052s ]
SQL: SHOW COLUMNS FROM `it_goods` [ RunTime:0.0327s ]
SQL: SELECT * FROM `it_goods` WHERE ( is_deleted=0 )  [ RunTime:0.0292s ]
INFO: [ view_parse ] --START--
INFO: [ template_filter ] --START--
INFO: Run Behavior\ContentReplaceBehavior [ RunTime:0.000104s ]
INFO: [ template_filter ] --END-- [ RunTime:0.000156s ]
INFO: Run Behavior\ParseTemplateBehavior [ RunTime:0.042162s ]
INFO: [ view_parse ] --END-- [ RunTime:0.042236s ]
INFO: [ view_filter ] --START--
INFO: Run Behavior\WriteHtmlCacheBehavior [ RunTime:0.000222s ]
INFO: [ view_filter ] --END-- [ RunTime:0.000259s ]
INFO: [ app_end ] --START--
INFO: Run Behavior\ShowPageTraceBehavior [ RunTime:0.000692s ]
INFO: [ app_end ] --END-- [ RunTime:0.000755s ]

[ 2016-11-22T16:26:14+08:00 ] 127.0.0.1 /Admin/Category/add
INFO: [ app_init ] --START--
INFO: Run Behavior\BuildLiteBehavior [ RunTime:0.000015s ]
INFO: [ app_init ] --END-- [ RunTime:0.000347s ]
INFO: [ app_begin ] --START--
INFO: Run Behavior\ReadHtmlCacheBehavior [ RunTime:0.000520s ]
INFO: [ app_begin ] --END-- [ RunTime:0.000568s ]
SQL: SHOW COLUMNS FROM `it_admin` [ RunTime:0.0059s ]
SQL: SHOW COLUMNS FROM `it_category` [ RunTime:0.0055s ]
SQL: SELECT * FROM `it_category`  [ RunTime:0.0016s ]
INFO: [ view_parse ] --START--
INFO: [ template_filter ] --START--
INFO: Run Behavior\ContentReplaceBehavior [ RunTime:0.000061s ]
INFO: [ template_filter ] --END-- [ RunTime:0.000115s ]
INFO: Run Behavior\ParseTemplateBehavior [ RunTime:0.152281s ]
INFO: [ view_parse ] --END-- [ RunTime:0.152344s ]
INFO: [ view_filter ] --START--
INFO: Run Behavior\WriteHtmlCacheBehavior [ RunTime:0.000217s ]
INFO: [ view_filter ] --END-- [ RunTime:0.000255s ]
INFO: [ app_end ] --START--
INFO: Run Behavior\ShowPageTraceBehavior [ RunTime:0.000628s ]
INFO: [ app_end ] --END-- [ RunTime:0.000672s ]

[ 2016-11-22T16:43:50+08:00 ] 127.0.0.1 /Admin/Index/index
INFO: [ app_init ] --START--
INFO: Run Behavior\BuildLiteBehavior [ RunTime:0.000015s ]
INFO: [ app_init ] --END-- [ RunTime:0.000373s ]
INFO: [ app_begin ] --START--
INFO: Run Behavior\ReadHtmlCacheBehavior [ RunTime:0.000583s ]
INFO: [ app_begin ] --END-- [ RunTime:0.000633s ]
SQL: SHOW COLUMNS FROM `it_admin` [ RunTime:0.0050s ]
INFO: [ view_parse ] --START--
INFO: [ template_filter ] --START--
INFO: Run Behavior\ContentReplaceBehavior [ RunTime:0.000055s ]
INFO: [ template_filter ] --END-- [ RunTime:0.000108s ]
INFO: Run Behavior\ParseTemplateBehavior [ RunTime:0.006124s ]
INFO: [ view_parse ] --END-- [ RunTime:0.006177s ]
INFO: [ view_filter ] --START--
INFO: Run Behavior\WriteHtmlCacheBehavior [ RunTime:0.000292s ]
INFO: [ view_filter ] --END-- [ RunTime:0.000336s ]
INFO: [ app_end ] --START--
INFO: Run Behavior\ShowPageTraceBehavior [ RunTime:0.000580s ]
INFO: [ app_end ] --END-- [ RunTime:0.000623s ]

[ 2016-11-22T16:43:50+08:00 ] 127.0.0.1 /Admin/Index/top
INFO: [ app_init ] --START--
INFO: Run Behavior\BuildLiteBehavior [ RunTime:0.000013s ]
INFO: [ app_init ] --END-- [ RunTime:0.000332s ]
INFO: [ app_begin ] --START--
INFO: Run Behavior\ReadHtmlCacheBehavior [ RunTime:0.000485s ]
INFO: [ app_begin ] --END-- [ RunTime:0.000532s ]
SQL: SHOW COLUMNS FROM `it_admin` [ RunTime:0.0175s ]
INFO: [ view_parse ] --START--
INFO: [ template_filter ] --START--
INFO: Run Behavior\ContentReplaceBehavior [ RunTime:0.000063s ]
INFO: [ template_filter ] --END-- [ RunTime:0.000114s ]
INFO: Run Behavior\ParseTemplateBehavior [ RunTime:0.006378s ]
INFO: [ view_parse ] --END-- [ RunTime:0.006434s ]
INFO: [ view_filter ] --START--
INFO: Run Behavior\WriteHtmlCacheBehavior [ RunTime:0.000208s ]
INFO: [ view_filter ] --END-- [ RunTime:0.000244s ]
INFO: [ app_end ] --START--
INFO: Run Behavior\ShowPageTraceBehavior [ RunTime:0.000652s ]
INFO: [ app_end ] --END-- [ RunTime:0.000699s ]

[ 2016-11-22T16:43:50+08:00 ] 127.0.0.1 /Admin/Index/left
INFO: [ app_init ] --START--
INFO: Run Behavior\BuildLiteBehavior [ RunTime:0.000021s ]
INFO: [ app_init ] --END-- [ RunTime:0.000633s ]
INFO: [ app_begin ] --START--
INFO: Run Behavior\ReadHtmlCacheBehavior [ RunTime:0.001245s ]
INFO: [ app_begin ] --END-- [ RunTime:0.001327s ]
SQL: SHOW COLUMNS FROM `it_admin` [ RunTime:0.0044s ]
SQL: select * from it_privilege [ RunTime:0.0006s ]
INFO: [ view_parse ] --START--
INFO: [ template_filter ] --START--
INFO: Run Behavior\ContentReplaceBehavior [ RunTime:0.000065s ]
INFO: [ template_filter ] --END-- [ RunTime:0.000115s ]
NOTIC: [8] Undefined index: child D:\wamp\apache\htdocs\szshop\App\Runtime\Cache\Admin\6a50c6d503dcfec33a87262cae7a0f6e.php 第 147 行.
NOTIC: [2] Invalid argument supplied for foreach() D:\wamp\apache\htdocs\szshop\App\Runtime\Cache\Admin\6a50c6d503dcfec33a87262cae7a0f6e.php 第 147 行.
INFO: Run Behavior\ParseTemplateBehavior [ RunTime:0.006486s ]
INFO: [ view_parse ] --END-- [ RunTime:0.006534s ]
INFO: [ view_filter ] --START--
INFO: Run Behavior\WriteHtmlCacheBehavior [ RunTime:0.000281s ]
INFO: [ view_filter ] --END-- [ RunTime:0.000318s ]
INFO: [ app_end ] --START--
INFO: Run Behavior\ShowPageTraceBehavior [ RunTime:0.000561s ]
INFO: [ app_end ] --END-- [ RunTime:0.000603s ]

[ 2016-11-22T16:43:50+08:00 ] 127.0.0.1 /Admin/Index/drag
INFO: [ app_init ] --START--
INFO: Run Behavior\BuildLiteBehavior [ RunTime:0.000023s ]
INFO: [ app_init ] --END-- [ RunTime:0.000580s ]
INFO: [ app_begin ] --START--
INFO: Run Behavior\ReadHtmlCacheBehavior [ RunTime:0.000896s ]
INFO: [ app_begin ] --END-- [ RunTime:0.000976s ]
SQL: SHOW COLUMNS FROM `it_admin` [ RunTime:0.0047s ]
INFO: [ view_parse ] --START--
INFO: [ template_filter ] --START--
INFO: Run Behavior\ContentReplaceBehavior [ RunTime:0.000049s ]
INFO: [ template_filter ] --END-- [ RunTime:0.000098s ]
INFO: Run Behavior\ParseTemplateBehavior [ RunTime:0.006030s ]
INFO: [ view_parse ] --END-- [ RunTime:0.006082s ]
INFO: [ view_filter ] --START--
INFO: Run Behavior\WriteHtmlCacheBehavior [ RunTime:0.000375s ]
INFO: [ view_filter ] --END-- [ RunTime:0.000412s ]
INFO: [ app_end ] --START--
INFO: Run Behavior\ShowPageTraceBehavior [ RunTime:0.000564s ]
INFO: [ app_end ] --END-- [ RunTime:0.000607s ]

[ 2016-11-22T16:43:50+08:00 ] 127.0.0.1 /Admin/Index/main
INFO: [ app_init ] --START--
INFO: Run Behavior\BuildLiteBehavior [ RunTime:0.000021s ]
INFO: [ app_init ] --END-- [ RunTime:0.000546s ]
INFO: [ app_begin ] --START--
INFO: Run Behavior\ReadHtmlCacheBehavior [ RunTime:0.000900s ]
INFO: [ app_begin ] --END-- [ RunTime:0.000987s ]
SQL: SHOW COLUMNS FROM `it_admin` [ RunTime:0.0057s ]
INFO: [ view_parse ] --START--
INFO: [ template_filter ] --START--
INFO: Run Behavior\ContentReplaceBehavior [ RunTime:0.000069s ]
INFO: [ template_filter ] --END-- [ RunTime:0.000121s ]
INFO: Run Behavior\ParseTemplateBehavior [ RunTime:0.007608s ]
INFO: [ view_parse ] --END-- [ RunTime:0.007660s ]
INFO: [ view_filter ] --START--
INFO: Run Behavior\WriteHtmlCacheBehavior [ RunTime:0.000282s ]
INFO: [ view_filter ] --END-- [ RunTime:0.000319s ]
INFO: [ app_end ] --START--
INFO: Run Behavior\ShowPageTraceBehavior [ RunTime:0.000706s ]
INFO: [ app_end ] --END-- [ RunTime:0.000776s ]

[ 2016-11-22T16:43:50+08:00 ] 127.0.0.1 /Admin/images/menu_arrow.gif
INFO: [ app_init ] --START--
INFO: Run Behavior\BuildLiteBehavior [ RunTime:0.000029s ]
INFO: [ app_init ] --END-- [ RunTime:0.000563s ]

[ 2016-11-22T16:43:51+08:00 ] 127.0.0.1 /Admin/images/menu_minus.gif
INFO: [ app_init ] --START--
INFO: Run Behavior\BuildLiteBehavior [ RunTime:0.000016s ]
INFO: [ app_init ] --END-- [ RunTime:0.013943s ]

[ 2016-11-22T17:15:23+08:00 ] 127.0.0.1 /Admin/Goods/lst
INFO: [ app_init ] --START--
INFO: Run Behavior\BuildLiteBehavior [ RunTime:0.000016s ]
INFO: [ app_init ] --END-- [ RunTime:0.000401s ]
INFO: [ app_begin ] --START--
INFO: Run Behavior\ReadHtmlCacheBehavior [ RunTime:0.000606s ]
INFO: [ app_begin ] --END-- [ RunTime:0.000660s ]
SQL: SHOW COLUMNS FROM `it_admin` [ RunTime:0.0280s ]
SQL: SHOW COLUMNS FROM `it_goods` [ RunTime:0.0055s ]
SQL: SELECT * FROM `it_goods` WHERE ( is_deleted=0 )  [ RunTime:0.0025s ]
INFO: [ view_parse ] --START--
INFO: [ template_filter ] --START--
INFO: Run Behavior\ContentReplaceBehavior [ RunTime:0.000134s ]
INFO: [ template_filter ] --END-- [ RunTime:0.000188s ]
INFO: Run Behavior\ParseTemplateBehavior [ RunTime:0.008987s ]
INFO: [ view_parse ] --END-- [ RunTime:0.009060s ]
INFO: [ view_filter ] --START--
INFO: Run Behavior\WriteHtmlCacheBehavior [ RunTime:0.000305s ]
INFO: [ view_filter ] --END-- [ RunTime:0.000344s ]
INFO: [ app_end ] --START--
INFO: Run Behavior\ShowPageTraceBehavior [ RunTime:0.001056s ]
INFO: [ app_end ] --END-- [ RunTime:0.001166s ]

[ 2016-11-22T17:15:36+08:00 ] 127.0.0.1 /Admin/Goods/isToggle.html?goods_id=3&field=is_sale&value=1&_=1479806136285
INFO: [ app_init ] --START--
INFO: Run Behavior\BuildLiteBehavior [ RunTime:0.000015s ]
INFO: [ app_init ] --END-- [ RunTime:0.000422s ]
INFO: [ app_begin ] --START--
INFO: Run Behavior\ReadHtmlCacheBehavior [ RunTime:0.000594s ]
INFO: [ app_begin ] --END-- [ RunTime:0.000642s ]
SQL: SHOW COLUMNS FROM `it_admin` [ RunTime:0.0045s ]
SQL: SHOW COLUMNS FROM `it_goods` [ RunTime:0.0229s ]
SQL: UPDATE `it_goods` SET `is_sale`='1' WHERE ( id=3 ) [ RunTime:0.1014s ]
INFO: [ app_end ] --START--
INFO: Run Behavior\ShowPageTraceBehavior [ RunTime:0.000684s ]
INFO: [ app_end ] --END-- [ RunTime:0.000746s ]

[ 2016-11-22T17:15:38+08:00 ] 127.0.0.1 /Admin/Goods/isToggle.html?goods_id=3&field=is_sale&value=1&_=1479806138085
INFO: [ app_init ] --START--
INFO: Run Behavior\BuildLiteBehavior [ RunTime:0.000019s ]
INFO: [ app_init ] --END-- [ RunTime:0.000354s ]
INFO: [ app_begin ] --START--
INFO: Run Behavior\ReadHtmlCacheBehavior [ RunTime:0.000693s ]
INFO: [ app_begin ] --END-- [ RunTime:0.000754s ]
SQL: SHOW COLUMNS FROM `it_admin` [ RunTime:0.0045s ]
SQL: SHOW COLUMNS FROM `it_goods` [ RunTime:0.0158s ]
SQL: UPDATE `it_goods` SET `is_sale`='1' WHERE ( id=3 ) [ RunTime:0.0004s ]
INFO: [ app_end ] --START--
INFO: Run Behavior\ShowPageTraceBehavior [ RunTime:0.000569s ]
INFO: [ app_end ] --END-- [ RunTime:0.000610s ]

[ 2016-11-22T17:15:39+08:00 ] 127.0.0.1 /Admin/Goods/isToggle.html?goods_id=3&field=is_sale&value=1&_=1479806139898
INFO: [ app_init ] --START--
INFO: Run Behavior\BuildLiteBehavior [ RunTime:0.000014s ]
INFO: [ app_init ] --END-- [ RunTime:0.000329s ]
INFO: [ app_begin ] --START--
INFO: Run Behavior\ReadHtmlCacheBehavior [ RunTime:0.000486s ]
INFO: [ app_begin ] --END-- [ RunTime:0.000530s ]
SQL: SHOW COLUMNS FROM `it_admin` [ RunTime:0.0047s ]
SQL: SHOW COLUMNS FROM `it_goods` [ RunTime:0.0048s ]
SQL: UPDATE `it_goods` SET `is_sale`='1' WHERE ( id=3 ) [ RunTime:0.0003s ]
INFO: [ app_end ] --START--
INFO: Run Behavior\ShowPageTraceBehavior [ RunTime:0.000576s ]
INFO: [ app_end ] --END-- [ RunTime:0.000617s ]

[ 2016-11-22T17:15:40+08:00 ] 127.0.0.1 /Admin/Goods/isToggle.html?goods_id=3&field=is_sale&value=1&_=1479806139899
INFO: [ app_init ] --START--
INFO: Run Behavior\BuildLiteBehavior [ RunTime:0.000013s ]
INFO: [ app_init ] --END-- [ RunTime:0.000374s ]
INFO: [ app_begin ] --START--
INFO: Run Behavior\ReadHtmlCacheBehavior [ RunTime:0.000581s ]
INFO: [ app_begin ] --END-- [ RunTime:0.000626s ]
SQL: SHOW COLUMNS FROM `it_admin` [ RunTime:0.0047s ]
SQL: SHOW COLUMNS FROM `it_goods` [ RunTime:0.0054s ]
SQL: UPDATE `it_goods` SET `is_sale`='1' WHERE ( id=3 ) [ RunTime:0.0008s ]
INFO: [ app_end ] --START--
INFO: Run Behavior\ShowPageTraceBehavior [ RunTime:0.000661s ]
INFO: [ app_end ] --END-- [ RunTime:0.000704s ]

[ 2016-11-22T17:15:40+08:00 ] 127.0.0.1 /Admin/Goods/isToggle.html?goods_id=3&field=is_sale&value=1&_=1479806140329
INFO: [ app_init ] --START--
INFO: Run Behavior\BuildLiteBehavior [ RunTime:0.000014s ]
INFO: [ app_init ] --END-- [ RunTime:0.000332s ]
INFO: [ app_begin ] --START--
INFO: Run Behavior\ReadHtmlCacheBehavior [ RunTime:0.000488s ]
INFO: [ app_begin ] --END-- [ RunTime:0.000532s ]
SQL: SHOW COLUMNS FROM `it_admin` [ RunTime:0.0046s ]
SQL: SHOW COLUMNS FROM `it_goods` [ RunTime:0.0049s ]
SQL: UPDATE `it_goods` SET `is_sale`='1' WHERE ( id=3 ) [ RunTime:0.0005s ]
INFO: [ app_end ] --START--
INFO: Run Behavior\ShowPageTraceBehavior [ RunTime:0.000768s ]
INFO: [ app_end ] --END-- [ RunTime:0.000830s ]

[ 2016-11-22T17:15:40+08:00 ] 127.0.0.1 /Admin/Goods/isToggle.html?goods_id=3&field=is_sale&value=1&_=1479806140328
INFO: [ app_init ] --START--
INFO: Run Behavior\BuildLiteBehavior [ RunTime:0.000015s ]
INFO: [ app_init ] --END-- [ RunTime:0.000343s ]
INFO: [ app_begin ] --START--
INFO: Run Behavior\ReadHtmlCacheBehavior [ RunTime:0.000505s ]
INFO: [ app_begin ] --END-- [ RunTime:0.000549s ]
SQL: SHOW COLUMNS FROM `it_admin` [ RunTime:0.0044s ]
SQL: SHOW COLUMNS FROM `it_goods` [ RunTime:0.0047s ]
SQL: UPDATE `it_goods` SET `is_sale`='1' WHERE ( id=3 ) [ RunTime:0.0004s ]
INFO: [ app_end ] --START--
INFO: Run Behavior\ShowPageTraceBehavior [ RunTime:0.000573s ]
INFO: [ app_end ] --END-- [ RunTime:0.000616s ]

[ 2016-11-22T17:15:40+08:00 ] 127.0.0.1 /Admin/Goods/isToggle.html?goods_id=3&field=is_sale&value=1&_=1479806140771
INFO: [ app_init ] --START--
INFO: Run Behavior\BuildLiteBehavior [ RunTime:0.000014s ]
INFO: [ app_init ] --END-- [ RunTime:0.000352s ]
INFO: [ app_begin ] --START--
INFO: Run Behavior\ReadHtmlCacheBehavior [ RunTime:0.000501s ]
INFO: [ app_begin ] --END-- [ RunTime:0.000554s ]
SQL: SHOW COLUMNS FROM `it_admin` [ RunTime:0.0046s ]
SQL: SHOW COLUMNS FROM `it_goods` [ RunTime:0.0049s ]
SQL: UPDATE `it_goods` SET `is_sale`='1' WHERE ( id=3 ) [ RunTime:0.0008s ]
INFO: [ app_end ] --START--
INFO: Run Behavior\ShowPageTraceBehavior [ RunTime:0.000583s ]
INFO: [ app_end ] --END-- [ RunTime:0.000626s ]

[ 2016-11-22T17:15:40+08:00 ] 127.0.0.1 /Admin/Goods/isToggle.html?goods_id=3&field=is_sale&value=1&_=1479806140772
INFO: [ app_init ] --START--
INFO: Run Behavior\BuildLiteBehavior [ RunTime:0.000014s ]
INFO: [ app_init ] --END-- [ RunTime:0.000336s ]
INFO: [ app_begin ] --START--
INFO: Run Behavior\ReadHtmlCacheBehavior [ RunTime:0.000501s ]
INFO: [ app_begin ] --END-- [ RunTime:0.000557s ]
SQL: SHOW COLUMNS FROM `it_admin` [ RunTime:0.0049s ]
SQL: SHOW COLUMNS FROM `it_goods` [ RunTime:0.0048s ]
SQL: UPDATE `it_goods` SET `is_sale`='1' WHERE ( id=3 ) [ RunTime:0.0009s ]
INFO: [ app_end ] --START--
INFO: Run Behavior\ShowPageTraceBehavior [ RunTime:0.000709s ]
INFO: [ app_end ] --END-- [ RunTime:0.000771s ]

[ 2016-11-22T17:15:41+08:00 ] 127.0.0.1 /Admin/Goods/isToggle.html?goods_id=3&field=is_sale&value=1&_=1479806141240
INFO: [ app_init ] --START--
INFO: Run Behavior\BuildLiteBehavior [ RunTime:0.000015s ]
INFO: [ app_init ] --END-- [ RunTime:0.000342s ]
INFO: [ app_begin ] --START--
INFO: Run Behavior\ReadHtmlCacheBehavior [ RunTime:0.000490s ]
INFO: [ app_begin ] --END-- [ RunTime:0.000534s ]
SQL: SHOW COLUMNS FROM `it_admin` [ RunTime:0.0047s ]
SQL: SHOW COLUMNS FROM `it_goods` [ RunTime:0.0048s ]
SQL: UPDATE `it_goods` SET `is_sale`='1' WHERE ( id=3 ) [ RunTime:0.0006s ]
INFO: [ app_end ] --START--
INFO: Run Behavior\ShowPageTraceBehavior [ RunTime:0.000600s ]
INFO: [ app_end ] --END-- [ RunTime:0.000651s ]

[ 2016-11-22T17:15:41+08:00 ] 127.0.0.1 /Admin/Goods/isToggle.html?goods_id=3&field=is_sale&value=1&_=1479806141240
INFO: [ app_init ] --START--
INFO: Run Behavior\BuildLiteBehavior [ RunTime:0.000014s ]
INFO: [ app_init ] --END-- [ RunTime:0.000330s ]
INFO: [ app_begin ] --START--
INFO: Run Behavior\ReadHtmlCacheBehavior [ RunTime:0.000492s ]
INFO: [ app_begin ] --END-- [ RunTime:0.000535s ]
SQL: SHOW COLUMNS FROM `it_admin` [ RunTime:0.0044s ]
SQL: SHOW COLUMNS FROM `it_goods` [ RunTime:0.0046s ]
SQL: UPDATE `it_goods` SET `is_sale`='1' WHERE ( id=3 ) [ RunTime:0.0003s ]
INFO: [ app_end ] --START--
INFO: Run Behavior\ShowPageTraceBehavior [ RunTime:0.000577s ]
INFO: [ app_end ] --END-- [ RunTime:0.000618s ]

[ 2016-11-22T17:15:41+08:00 ] 127.0.0.1 /Admin/Goods/isToggle.html?goods_id=3&field=is_sale&value=1&_=1479806141677
INFO: [ app_init ] --START--
INFO: Run Behavior\BuildLiteBehavior [ RunTime:0.000014s ]
INFO: [ app_init ] --END-- [ RunTime:0.000340s ]
INFO: [ app_begin ] --START--
INFO: Run Behavior\ReadHtmlCacheBehavior [ RunTime:0.000490s ]
INFO: [ app_begin ] --END-- [ RunTime:0.000534s ]
SQL: SHOW COLUMNS FROM `it_admin` [ RunTime:0.0054s ]
SQL: SHOW COLUMNS FROM `it_goods` [ RunTime:0.0065s ]
SQL: UPDATE `it_goods` SET `is_sale`='1' WHERE ( id=3 ) [ RunTime:0.0006s ]
INFO: [ app_end ] --START--
INFO: Run Behavior\ShowPageTraceBehavior [ RunTime:0.000866s ]
INFO: [ app_end ] --END-- [ RunTime:0.000931s ]

[ 2016-11-22T17:15:44+08:00 ] 127.0.0.1 /Admin/Goods/isToggle.html?goods_id=3&field=is_sale&value=1&_=1479806144295
INFO: [ app_init ] --START--
INFO: Run Behavior\BuildLiteBehavior [ RunTime:0.000013s ]
INFO: [ app_init ] --END-- [ RunTime:0.000327s ]
INFO: [ app_begin ] --START--
INFO: Run Behavior\ReadHtmlCacheBehavior [ RunTime:0.032863s ]
INFO: [ app_begin ] --END-- [ RunTime:0.032920s ]
SQL: SHOW COLUMNS FROM `it_admin` [ RunTime:0.0048s ]
SQL: SHOW COLUMNS FROM `it_goods` [ RunTime:0.0052s ]
SQL: UPDATE `it_goods` SET `is_sale`='1' WHERE ( id=3 ) [ RunTime:0.0010s ]
INFO: [ app_end ] --START--
INFO: Run Behavior\ShowPageTraceBehavior [ RunTime:0.000576s ]
INFO: [ app_end ] --END-- [ RunTime:0.000618s ]

[ 2016-11-22T17:15:44+08:00 ] 127.0.0.1 /Admin/Goods/isToggle.html?goods_id=3&field=is_sale&value=1&_=1479806144621
INFO: [ app_init ] --START--
INFO: Run Behavior\BuildLiteBehavior [ RunTime:0.000022s ]
INFO: [ app_init ] --END-- [ RunTime:0.000477s ]
INFO: [ app_begin ] --START--
INFO: Run Behavior\ReadHtmlCacheBehavior [ RunTime:0.000903s ]
INFO: [ app_begin ] --END-- [ RunTime:0.000961s ]
SQL: SHOW COLUMNS FROM `it_admin` [ RunTime:0.0050s ]
SQL: SHOW COLUMNS FROM `it_goods` [ RunTime:0.0053s ]
SQL: UPDATE `it_goods` SET `is_sale`='1' WHERE ( id=3 ) [ RunTime:0.0011s ]
INFO: [ app_end ] --START--
INFO: Run Behavior\ShowPageTraceBehavior [ RunTime:0.000781s ]
INFO: [ app_end ] --END-- [ RunTime:0.000833s ]

[ 2016-11-22T17:15:44+08:00 ] 127.0.0.1 /Admin/Goods/isToggle.html?goods_id=3&field=is_sale&value=1&_=1479806144937
INFO: [ app_init ] --START--
INFO: Run Behavior\BuildLiteBehavior [ RunTime:0.000021s ]
INFO: [ app_init ] --END-- [ RunTime:0.000502s ]
INFO: [ app_begin ] --START--
INFO: Run Behavior\ReadHtmlCacheBehavior [ RunTime:0.000724s ]
INFO: [ app_begin ] --END-- [ RunTime:0.000777s ]
SQL: SHOW COLUMNS FROM `it_admin` [ RunTime:0.0046s ]
SQL: SHOW COLUMNS FROM `it_goods` [ RunTime:0.0055s ]
SQL: UPDATE `it_goods` SET `is_sale`='1' WHERE ( id=3 ) [ RunTime:0.0006s ]
INFO: [ app_end ] --START--
INFO: Run Behavior\ShowPageTraceBehavior [ RunTime:0.000616s ]
INFO: [ app_end ] --END-- [ RunTime:0.000662s ]

[ 2016-11-22T17:15:45+08:00 ] 127.0.0.1 /Admin/Goods/isToggle.html?goods_id=3&field=is_sale&value=1&_=1479806145265
INFO: [ app_init ] --START--
INFO: Run Behavior\BuildLiteBehavior [ RunTime:0.000013s ]
INFO: [ app_init ] --END-- [ RunTime:0.000330s ]
INFO: [ app_begin ] --START--
INFO: Run Behavior\ReadHtmlCacheBehavior [ RunTime:0.000487s ]
INFO: [ app_begin ] --END-- [ RunTime:0.000530s ]
SQL: SHOW COLUMNS FROM `it_admin` [ RunTime:0.0046s ]
SQL: SHOW COLUMNS FROM `it_goods` [ RunTime:0.0048s ]
SQL: UPDATE `it_goods` SET `is_sale`='1' WHERE ( id=3 ) [ RunTime:0.0005s ]
INFO: [ app_end ] --START--
INFO: Run Behavior\ShowPageTraceBehavior [ RunTime:0.000572s ]
INFO: [ app_end ] --END-- [ RunTime:0.000611s ]

[ 2016-11-22T22:43:43+08:00 ] 127.0.0.1 /Admin/Attribute/add
INFO: [ app_init ] --START--
INFO: Run Behavior\BuildLiteBehavior [ RunTime:0.000017s ]
INFO: [ app_init ] --END-- [ RunTime:0.000467s ]
INFO: [ app_begin ] --START--
INFO: Run Behavior\ReadHtmlCacheBehavior [ RunTime:0.000647s ]
INFO: [ app_begin ] --END-- [ RunTime:0.000714s ]
SQL: SHOW COLUMNS FROM `it_admin` [ RunTime:0.0383s ]
SQL: SHOW COLUMNS FROM `it_type` [ RunTime:0.0071s ]
SQL: SELECT * FROM `it_type`  [ RunTime:0.0009s ]
INFO: [ view_parse ] --START--
INFO: [ template_filter ] --START--
INFO: Run Behavior\ContentReplaceBehavior [ RunTime:0.000070s ]
INFO: [ template_filter ] --END-- [ RunTime:0.000134s ]
INFO: Run Behavior\ParseTemplateBehavior [ RunTime:0.037100s ]
INFO: [ view_parse ] --END-- [ RunTime:0.037182s ]
INFO: [ view_filter ] --START--
INFO: Run Behavior\WriteHtmlCacheBehavior [ RunTime:0.000325s ]
INFO: [ view_filter ] --END-- [ RunTime:0.000368s ]
INFO: [ app_end ] --START--
INFO: Run Behavior\ShowPageTraceBehavior [ RunTime:0.000608s ]
INFO: [ app_end ] --END-- [ RunTime:0.000658s ]

