[ 2016-11-12T18:39:27+08:00 ] 127.0.0.1 /Admin/Goods/add
INFO: [ app_init ] --START--
INFO: Run Behavior\BuildLiteBehavior [ RunTime:0.000020s ]
INFO: [ app_init ] --END-- [ RunTime:0.000641s ]
INFO: [ app_begin ] --START--
INFO: Run Behavior\ReadHtmlCacheBehavior [ RunTime:0.009156s ]
INFO: [ app_begin ] --END-- [ RunTime:0.009231s ]
INFO: [ view_parse ] --START--
INFO: [ template_filter ] --START--
INFO: Run Behavior\ContentReplaceBehavior [ RunTime:0.000071s ]
INFO: [ template_filter ] --END-- [ RunTime:0.000134s ]
INFO: Run Behavior\ParseTemplateBehavior [ RunTime:0.024992s ]
INFO: [ view_parse ] --END-- [ RunTime:0.025059s ]
INFO: [ view_filter ] --START--
INFO: Run Behavior\WriteHtmlCacheBehavior [ RunTime:0.000294s ]
INFO: [ view_filter ] --END-- [ RunTime:0.000332s ]

[ 2016-11-12T18:39:30+08:00 ] 127.0.0.1 /Admin/Login/login.html
INFO: [ app_init ] --START--
INFO: Run Behavior\BuildLiteBehavior [ RunTime:0.000013s ]
INFO: [ app_init ] --END-- [ RunTime:0.000327s ]
INFO: [ app_begin ] --START--
INFO: Run Behavior\ReadHtmlCacheBehavior [ RunTime:0.000617s ]
INFO: [ app_begin ] --END-- [ RunTime:0.000667s ]
INFO: [ view_parse ] --START--
INFO: [ template_filter ] --START--
INFO: Run Behavior\ContentReplaceBehavior [ RunTime:0.000081s ]
INFO: [ template_filter ] --END-- [ RunTime:0.000144s ]
INFO: Run Behavior\ParseTemplateBehavior [ RunTime:0.021267s ]
INFO: [ view_parse ] --END-- [ RunTime:0.021337s ]
INFO: [ view_filter ] --START--
INFO: Run Behavior\WriteHtmlCacheBehavior [ RunTime:0.000229s ]
INFO: [ view_filter ] --END-- [ RunTime:0.000268s ]
INFO: [ app_end ] --START--
INFO: Run Behavior\ShowPageTraceBehavior [ RunTime:0.000590s ]
INFO: [ app_end ] --END-- [ RunTime:0.000634s ]

[ 2016-11-12T18:39:31+08:00 ] 127.0.0.1 /Admin/Login/captcha
INFO: [ app_init ] --START--
INFO: Run Behavior\BuildLiteBehavior [ RunTime:0.000014s ]
INFO: [ app_init ] --END-- [ RunTime:0.000335s ]
INFO: [ app_begin ] --START--
INFO: Run Behavior\ReadHtmlCacheBehavior [ RunTime:0.000941s ]
INFO: [ app_begin ] --END-- [ RunTime:0.001030s ]
INFO: [ app_end ] --START--
INFO: Run Behavior\ShowPageTraceBehavior [ RunTime:0.000704s ]
INFO: [ app_end ] --END-- [ RunTime:0.000778s ]

[ 2016-11-12T18:39:31+08:00 ] 127.0.0.1 /Admin/Login/js/validator.js
INFO: [ app_init ] --START--
INFO: Run Behavior\BuildLiteBehavior [ RunTime:0.000021s ]
INFO: [ app_init ] --END-- [ RunTime:0.000494s ]
INFO: [ app_begin ] --START--
INFO: Run Behavior\ReadHtmlCacheBehavior [ RunTime:0.000751s ]
INFO: [ app_begin ] --END-- [ RunTime:0.000816s ]
ERR: 非法操作:js

[ 2016-11-12T18:39:41+08:00 ] 127.0.0.1 /Admin/Login/login
INFO: [ app_init ] --START--
INFO: Run Behavior\BuildLiteBehavior [ RunTime:0.000015s ]
INFO: [ app_init ] --END-- [ RunTime:0.000351s ]
INFO: [ app_begin ] --START--
INFO: Run Behavior\ReadHtmlCacheBehavior [ RunTime:0.000496s ]
INFO: [ app_begin ] --END-- [ RunTime:0.000553s ]
SQL: SHOW COLUMNS FROM `it_admin` [ RunTime:0.0862s ]
NOTIC: [8] Undefined index: auto D:\wamp\apache\htdocs\szshop\ThinkPHP\Library\Think\Model.class.php 第 1129 行.
SQL: SHOW COLUMNS FROM `it_admin` [ RunTime:0.0162s ]
SQL: SELECT * FROM `it_admin` WHERE ( admin_name='admin' ) LIMIT 1   [ RunTime:0.0004s ]
INFO: [ view_parse ] --START--
INFO: [ template_filter ] --START--
INFO: Run Behavior\ContentReplaceBehavior [ RunTime:0.000053s ]
INFO: [ template_filter ] --END-- [ RunTime:0.000109s ]
INFO: Run Behavior\ParseTemplateBehavior [ RunTime:0.024657s ]
INFO: [ view_parse ] --END-- [ RunTime:0.024722s ]
INFO: [ view_filter ] --START--
INFO: Run Behavior\WriteHtmlCacheBehavior [ RunTime:0.000323s ]
INFO: [ view_filter ] --END-- [ RunTime:0.000364s ]

[ 2016-11-12T18:39:42+08:00 ] 127.0.0.1 /Admin/index/index.html
INFO: [ app_init ] --START--
INFO: Run Behavior\BuildLiteBehavior [ RunTime:0.000015s ]
INFO: [ app_init ] --END-- [ RunTime:0.000335s ]
INFO: [ app_begin ] --START--
INFO: Run Behavior\ReadHtmlCacheBehavior [ RunTime:0.000494s ]
INFO: [ app_begin ] --END-- [ RunTime:0.000551s ]
SQL: SHOW COLUMNS FROM `it_admin` [ RunTime:0.0048s ]
INFO: [ view_parse ] --START--
INFO: [ template_filter ] --START--
INFO: Run Behavior\ContentReplaceBehavior [ RunTime:0.000051s ]
INFO: [ template_filter ] --END-- [ RunTime:0.000106s ]
INFO: Run Behavior\ParseTemplateBehavior [ RunTime:0.010444s ]
INFO: [ view_parse ] --END-- [ RunTime:0.010516s ]
INFO: [ view_filter ] --START--
INFO: Run Behavior\WriteHtmlCacheBehavior [ RunTime:0.000204s ]
INFO: [ view_filter ] --END-- [ RunTime:0.000240s ]
INFO: [ app_end ] --START--
INFO: Run Behavior\ShowPageTraceBehavior [ RunTime:0.000659s ]
INFO: [ app_end ] --END-- [ RunTime:0.000712s ]

[ 2016-11-12T18:39:42+08:00 ] 127.0.0.1 /Admin/Index/top
INFO: [ app_init ] --START--
INFO: Run Behavior\BuildLiteBehavior [ RunTime:0.000017s ]
INFO: [ app_init ] --END-- [ RunTime:0.000376s ]
INFO: [ app_begin ] --START--
INFO: Run Behavior\ReadHtmlCacheBehavior [ RunTime:0.000503s ]
INFO: [ app_begin ] --END-- [ RunTime:0.000552s ]
SQL: SHOW COLUMNS FROM `it_admin` [ RunTime:0.0674s ]
INFO: [ view_parse ] --START--
INFO: [ template_filter ] --START--
INFO: Run Behavior\ContentReplaceBehavior [ RunTime:0.000065s ]
INFO: [ template_filter ] --END-- [ RunTime:0.000119s ]
INFO: Run Behavior\ParseTemplateBehavior [ RunTime:0.102194s ]
INFO: [ view_parse ] --END-- [ RunTime:0.102275s ]
INFO: [ view_filter ] --START--
INFO: Run Behavior\WriteHtmlCacheBehavior [ RunTime:0.000239s ]
INFO: [ view_filter ] --END-- [ RunTime:0.000280s ]
INFO: [ app_end ] --START--
INFO: Run Behavior\ShowPageTraceBehavior [ RunTime:0.000667s ]
INFO: [ app_end ] --END-- [ RunTime:0.000712s ]

[ 2016-11-12T18:39:42+08:00 ] 127.0.0.1 /Admin/Index/left
INFO: [ app_init ] --START--
INFO: Run Behavior\BuildLiteBehavior [ RunTime:0.000023s ]
INFO: [ app_init ] --END-- [ RunTime:0.000402s ]
INFO: [ app_begin ] --START--
INFO: Run Behavior\ReadHtmlCacheBehavior [ RunTime:0.000494s ]
INFO: [ app_begin ] --END-- [ RunTime:0.000540s ]
SQL: SHOW COLUMNS FROM `it_admin` [ RunTime:0.2154s ]
SQL: select * from it_privilege [ RunTime:0.0007s ]
INFO: [ view_parse ] --START--
INFO: [ template_filter ] --START--
INFO: Run Behavior\ContentReplaceBehavior [ RunTime:0.000069s ]
INFO: [ template_filter ] --END-- [ RunTime:0.000122s ]
NOTIC: [8] Undefined index: child D:\wamp\apache\htdocs\szshop\App\Runtime\Cache\Admin\6a50c6d503dcfec33a87262cae7a0f6e.php 第 147 行.
NOTIC: [2] Invalid argument supplied for foreach() D:\wamp\apache\htdocs\szshop\App\Runtime\Cache\Admin\6a50c6d503dcfec33a87262cae7a0f6e.php 第 147 行.
INFO: Run Behavior\ParseTemplateBehavior [ RunTime:0.042207s ]
INFO: [ view_parse ] --END-- [ RunTime:0.042275s ]
INFO: [ view_filter ] --START--
INFO: Run Behavior\WriteHtmlCacheBehavior [ RunTime:0.000319s ]
INFO: [ view_filter ] --END-- [ RunTime:0.000375s ]
INFO: [ app_end ] --START--
INFO: Run Behavior\ShowPageTraceBehavior [ RunTime:0.000907s ]
INFO: [ app_end ] --END-- [ RunTime:0.000978s ]

[ 2016-11-12T18:39:42+08:00 ] 127.0.0.1 /Admin/images/menu_minus.gif
INFO: [ app_init ] --START--
INFO: Run Behavior\BuildLiteBehavior [ RunTime:0.000016s ]
INFO: [ app_init ] --END-- [ RunTime:0.000364s ]

[ 2016-11-12T18:39:42+08:00 ] 127.0.0.1 /Admin/images/menu_arrow.gif
INFO: [ app_init ] --START--
INFO: Run Behavior\BuildLiteBehavior [ RunTime:0.000025s ]
INFO: [ app_init ] --END-- [ RunTime:0.000532s ]

[ 2016-11-12T18:39:42+08:00 ] 127.0.0.1 /Admin/Index/drag
INFO: [ app_init ] --START--
INFO: Run Behavior\BuildLiteBehavior [ RunTime:0.000019s ]
INFO: [ app_init ] --END-- [ RunTime:0.006118s ]
INFO: [ app_begin ] --START--
INFO: Run Behavior\ReadHtmlCacheBehavior [ RunTime:0.000636s ]
INFO: [ app_begin ] --END-- [ RunTime:0.000699s ]
SQL: SHOW COLUMNS FROM `it_admin` [ RunTime:0.0686s ]
INFO: [ view_parse ] --START--
INFO: [ template_filter ] --START--
INFO: Run Behavior\ContentReplaceBehavior [ RunTime:0.000051s ]
INFO: [ template_filter ] --END-- [ RunTime:0.000117s ]
INFO: Run Behavior\ParseTemplateBehavior [ RunTime:0.034686s ]
INFO: [ view_parse ] --END-- [ RunTime:0.034768s ]
INFO: [ view_filter ] --START--
INFO: Run Behavior\WriteHtmlCacheBehavior [ RunTime:0.000329s ]
INFO: [ view_filter ] --END-- [ RunTime:0.000370s ]
INFO: [ app_end ] --START--
INFO: Run Behavior\ShowPageTraceBehavior [ RunTime:0.000592s ]
INFO: [ app_end ] --END-- [ RunTime:0.000635s ]

[ 2016-11-12T18:39:43+08:00 ] 127.0.0.1 /Admin/Index/main
INFO: [ app_init ] --START--
INFO: Run Behavior\BuildLiteBehavior [ RunTime:0.000020s ]
INFO: [ app_init ] --END-- [ RunTime:0.023748s ]
INFO: [ app_begin ] --START--
INFO: Run Behavior\ReadHtmlCacheBehavior [ RunTime:0.000927s ]
INFO: [ app_begin ] --END-- [ RunTime:0.001031s ]
SQL: SHOW COLUMNS FROM `it_admin` [ RunTime:0.0070s ]
INFO: [ view_parse ] --START--
INFO: [ template_filter ] --START--
INFO: Run Behavior\ContentReplaceBehavior [ RunTime:0.000072s ]
INFO: [ template_filter ] --END-- [ RunTime:0.000132s ]
INFO: Run Behavior\ParseTemplateBehavior [ RunTime:0.042252s ]
INFO: [ view_parse ] --END-- [ RunTime:0.042336s ]
INFO: [ view_filter ] --START--
INFO: Run Behavior\WriteHtmlCacheBehavior [ RunTime:0.000300s ]
INFO: [ view_filter ] --END-- [ RunTime:0.000337s ]
INFO: [ app_end ] --START--
INFO: Run Behavior\ShowPageTraceBehavior [ RunTime:0.000592s ]
INFO: [ app_end ] --END-- [ RunTime:0.000634s ]

[ 2016-11-12T18:40:38+08:00 ] 127.0.0.1 /Admin/Goods/add
INFO: [ app_init ] --START--
INFO: Run Behavior\BuildLiteBehavior [ RunTime:0.000015s ]
INFO: [ app_init ] --END-- [ RunTime:0.000338s ]
INFO: [ app_begin ] --START--
INFO: Run Behavior\ReadHtmlCacheBehavior [ RunTime:0.000526s ]
INFO: [ app_begin ] --END-- [ RunTime:0.000582s ]
SQL: SHOW COLUMNS FROM `it_admin` [ RunTime:0.1531s ]
SQL: SHOW COLUMNS FROM `it_goods` [ RunTime:0.0139s ]
SQL: SHOW COLUMNS FROM `it_category` [ RunTime:0.0136s ]
SQL: SELECT * FROM `it_category`  [ RunTime:0.0005s ]
INFO: [ view_parse ] --START--
INFO: [ template_filter ] --START--
INFO: Run Behavior\ContentReplaceBehavior [ RunTime:0.000127s ]
INFO: [ template_filter ] --END-- [ RunTime:0.000182s ]
INFO: Run Behavior\ParseTemplateBehavior [ RunTime:0.031371s ]
INFO: [ view_parse ] --END-- [ RunTime:0.031435s ]
INFO: [ view_filter ] --START--
INFO: Run Behavior\WriteHtmlCacheBehavior [ RunTime:0.000215s ]
INFO: [ view_filter ] --END-- [ RunTime:0.000251s ]
INFO: [ app_end ] --START--
INFO: Run Behavior\ShowPageTraceBehavior [ RunTime:0.000849s ]
INFO: [ app_end ] --END-- [ RunTime:0.000922s ]

[ 2016-11-12T18:40:55+08:00 ] 127.0.0.1 /Admin/Goods/lst
INFO: [ app_init ] --START--
INFO: Run Behavior\BuildLiteBehavior [ RunTime:0.000017s ]
INFO: [ app_init ] --END-- [ RunTime:0.000388s ]
INFO: [ app_begin ] --START--
INFO: Run Behavior\ReadHtmlCacheBehavior [ RunTime:0.000664s ]
INFO: [ app_begin ] --END-- [ RunTime:0.000728s ]
SQL: SHOW COLUMNS FROM `it_admin` [ RunTime:0.0053s ]
SQL: SHOW COLUMNS FROM `it_goods` [ RunTime:0.0050s ]
SQL: SELECT * FROM `it_goods` WHERE ( is_deleted=0 )  [ RunTime:0.0347s ]
INFO: [ view_parse ] --START--
INFO: [ template_filter ] --START--
INFO: Run Behavior\ContentReplaceBehavior [ RunTime:0.000117s ]
INFO: [ template_filter ] --END-- [ RunTime:0.000180s ]
INFO: Run Behavior\ParseTemplateBehavior [ RunTime:0.038262s ]
INFO: [ view_parse ] --END-- [ RunTime:0.038358s ]
INFO: [ view_filter ] --START--
INFO: Run Behavior\WriteHtmlCacheBehavior [ RunTime:0.000376s ]
INFO: [ view_filter ] --END-- [ RunTime:0.000426s ]
INFO: [ app_end ] --START--
INFO: Run Behavior\ShowPageTraceBehavior [ RunTime:0.000637s ]
INFO: [ app_end ] --END-- [ RunTime:0.000690s ]

[ 2016-11-12T18:41:23+08:00 ] 127.0.0.1 /Admin/Goods/isToggle.html?goods_id=8&field=is_sale&value=1&_=1478947283465
INFO: [ app_init ] --START--
INFO: Run Behavior\BuildLiteBehavior [ RunTime:0.000014s ]
INFO: [ app_init ] --END-- [ RunTime:0.000325s ]
INFO: [ app_begin ] --START--
INFO: Run Behavior\ReadHtmlCacheBehavior [ RunTime:0.000483s ]
INFO: [ app_begin ] --END-- [ RunTime:0.000525s ]
SQL: SHOW COLUMNS FROM `it_admin` [ RunTime:0.0046s ]
SQL: SHOW COLUMNS FROM `it_goods` [ RunTime:0.0047s ]
SQL: UPDATE `it_goods` SET `is_sale`='1' WHERE ( id=8 ) [ RunTime:0.1616s ]
INFO: [ app_end ] --START--
INFO: Run Behavior\ShowPageTraceBehavior [ RunTime:0.000709s ]
INFO: [ app_end ] --END-- [ RunTime:0.000774s ]

[ 2016-11-12T18:41:24+08:00 ] 127.0.0.1 /Admin/Goods/isToggle.html?goods_id=8&field=is_sale&value=0&_=1478947284365
INFO: [ app_init ] --START--
INFO: Run Behavior\BuildLiteBehavior [ RunTime:0.000023s ]
INFO: [ app_init ] --END-- [ RunTime:0.000498s ]
INFO: [ app_begin ] --START--
INFO: Run Behavior\ReadHtmlCacheBehavior [ RunTime:0.000684s ]
INFO: [ app_begin ] --END-- [ RunTime:0.000746s ]
SQL: SHOW COLUMNS FROM `it_admin` [ RunTime:0.0043s ]
SQL: SHOW COLUMNS FROM `it_goods` [ RunTime:0.0046s ]
SQL: UPDATE `it_goods` SET `is_sale`='0' WHERE ( id=8 ) [ RunTime:0.0005s ]
INFO: [ app_end ] --START--
INFO: Run Behavior\ShowPageTraceBehavior [ RunTime:0.000613s ]
INFO: [ app_end ] --END-- [ RunTime:0.000652s ]

[ 2016-11-12T18:41:25+08:00 ] 127.0.0.1 /Admin/Goods/isToggle.html?goods_id=8&field=is_sale&value=1&_=1478947285361
INFO: [ app_init ] --START--
INFO: Run Behavior\BuildLiteBehavior [ RunTime:0.000014s ]
INFO: [ app_init ] --END-- [ RunTime:0.000326s ]
INFO: [ app_begin ] --START--
INFO: Run Behavior\ReadHtmlCacheBehavior [ RunTime:0.000482s ]
INFO: [ app_begin ] --END-- [ RunTime:0.000526s ]
SQL: SHOW COLUMNS FROM `it_admin` [ RunTime:0.0047s ]
SQL: SHOW COLUMNS FROM `it_goods` [ RunTime:0.0048s ]
SQL: UPDATE `it_goods` SET `is_sale`='1' WHERE ( id=8 ) [ RunTime:0.0005s ]
INFO: [ app_end ] --START--
INFO: Run Behavior\ShowPageTraceBehavior [ RunTime:0.000660s ]
INFO: [ app_end ] --END-- [ RunTime:0.000701s ]

[ 2016-11-12T18:41:26+08:00 ] 127.0.0.1 /Admin/Goods/lst
INFO: [ app_init ] --START--
INFO: Run Behavior\BuildLiteBehavior [ RunTime:0.000020s ]
INFO: [ app_init ] --END-- [ RunTime:0.000489s ]
INFO: [ app_begin ] --START--
INFO: Run Behavior\ReadHtmlCacheBehavior [ RunTime:0.000601s ]
INFO: [ app_begin ] --END-- [ RunTime:0.000657s ]
SQL: SHOW COLUMNS FROM `it_admin` [ RunTime:0.0055s ]
SQL: SHOW COLUMNS FROM `it_goods` [ RunTime:0.0048s ]
SQL: SELECT * FROM `it_goods` WHERE ( is_deleted=0 )  [ RunTime:0.0015s ]
INFO: [ view_parse ] --START--
INFO: [ template_filter ] --START--
INFO: Run Behavior\ContentReplaceBehavior [ RunTime:0.000139s ]
INFO: [ template_filter ] --END-- [ RunTime:0.000192s ]
INFO: Run Behavior\ParseTemplateBehavior [ RunTime:0.059627s ]
INFO: [ view_parse ] --END-- [ RunTime:0.059688s ]
INFO: [ view_filter ] --START--
INFO: Run Behavior\WriteHtmlCacheBehavior [ RunTime:0.000260s ]
INFO: [ view_filter ] --END-- [ RunTime:0.000305s ]
INFO: [ app_end ] --START--
INFO: Run Behavior\ShowPageTraceBehavior [ RunTime:0.001027s ]
INFO: [ app_end ] --END-- [ RunTime:0.001128s ]

[ 2016-11-12T18:43:58+08:00 ] 127.0.0.1 /Admin/Privilege/add
INFO: [ app_init ] --START--
INFO: Run Behavior\BuildLiteBehavior [ RunTime:0.000016s ]
INFO: [ app_init ] --END-- [ RunTime:0.000394s ]
INFO: [ app_begin ] --START--
INFO: Run Behavior\ReadHtmlCacheBehavior [ RunTime:0.000590s ]
INFO: [ app_begin ] --END-- [ RunTime:0.000639s ]
SQL: SHOW COLUMNS FROM `it_admin` [ RunTime:0.0050s ]
SQL: SHOW COLUMNS FROM `it_privilege` [ RunTime:0.0106s ]
SQL: SELECT * FROM `it_privilege`  [ RunTime:0.0007s ]
INFO: [ view_parse ] --START--
INFO: [ template_filter ] --START--
INFO: Run Behavior\ContentReplaceBehavior [ RunTime:0.000065s ]
INFO: [ template_filter ] --END-- [ RunTime:0.000118s ]
INFO: Run Behavior\ParseTemplateBehavior [ RunTime:0.023394s ]
INFO: [ view_parse ] --END-- [ RunTime:0.023495s ]
INFO: [ view_filter ] --START--
INFO: Run Behavior\WriteHtmlCacheBehavior [ RunTime:0.000300s ]
INFO: [ view_filter ] --END-- [ RunTime:0.000337s ]
INFO: [ app_end ] --START--
INFO: Run Behavior\ShowPageTraceBehavior [ RunTime:0.000579s ]
INFO: [ app_end ] --END-- [ RunTime:0.000619s ]

[ 2016-11-12T18:44:36+08:00 ] 127.0.0.1 /Admin/Privilege/lst
INFO: [ app_init ] --START--
INFO: Run Behavior\BuildLiteBehavior [ RunTime:0.000027s ]
INFO: [ app_init ] --END-- [ RunTime:0.000594s ]
INFO: [ app_begin ] --START--
INFO: Run Behavior\ReadHtmlCacheBehavior [ RunTime:0.000697s ]
INFO: [ app_begin ] --END-- [ RunTime:0.000766s ]
SQL: SHOW COLUMNS FROM `it_admin` [ RunTime:0.0047s ]
SQL: SHOW COLUMNS FROM `it_privilege` [ RunTime:0.0053s ]
SQL: SELECT * FROM `it_privilege`  [ RunTime:0.0005s ]
INFO: [ view_parse ] --START--
INFO: [ template_filter ] --START--
INFO: Run Behavior\ContentReplaceBehavior [ RunTime:0.000061s ]
INFO: [ template_filter ] --END-- [ RunTime:0.000117s ]
NOTIC: [8] Undefined variable: vol D:\wamp\apache\htdocs\szshop\App\Runtime\Cache\Admin\ecce1abb13ce72d775da114a2786ea11.php 第 43 行.
NOTIC: [8] Undefined variable: vol D:\wamp\apache\htdocs\szshop\App\Runtime\Cache\Admin\ecce1abb13ce72d775da114a2786ea11.php 第 44 行.
NOTIC: [8] Undefined variable: vol D:\wamp\apache\htdocs\szshop\App\Runtime\Cache\Admin\ecce1abb13ce72d775da114a2786ea11.php 第 43 行.
NOTIC: [8] Undefined variable: vol D:\wamp\apache\htdocs\szshop\App\Runtime\Cache\Admin\ecce1abb13ce72d775da114a2786ea11.php 第 44 行.
NOTIC: [8] Undefined variable: vol D:\wamp\apache\htdocs\szshop\App\Runtime\Cache\Admin\ecce1abb13ce72d775da114a2786ea11.php 第 43 行.
NOTIC: [8] Undefined variable: vol D:\wamp\apache\htdocs\szshop\App\Runtime\Cache\Admin\ecce1abb13ce72d775da114a2786ea11.php 第 44 行.
NOTIC: [8] Undefined variable: vol D:\wamp\apache\htdocs\szshop\App\Runtime\Cache\Admin\ecce1abb13ce72d775da114a2786ea11.php 第 43 行.
NOTIC: [8] Undefined variable: vol D:\wamp\apache\htdocs\szshop\App\Runtime\Cache\Admin\ecce1abb13ce72d775da114a2786ea11.php 第 44 行.
NOTIC: [8] Undefined variable: vol D:\wamp\apache\htdocs\szshop\App\Runtime\Cache\Admin\ecce1abb13ce72d775da114a2786ea11.php 第 43 行.
NOTIC: [8] Undefined variable: vol D:\wamp\apache\htdocs\szshop\App\Runtime\Cache\Admin\ecce1abb13ce72d775da114a2786ea11.php 第 44 行.
NOTIC: [8] Undefined variable: vol D:\wamp\apache\htdocs\szshop\App\Runtime\Cache\Admin\ecce1abb13ce72d775da114a2786ea11.php 第 43 行.
NOTIC: [8] Undefined variable: vol D:\wamp\apache\htdocs\szshop\App\Runtime\Cache\Admin\ecce1abb13ce72d775da114a2786ea11.php 第 44 行.
NOTIC: [8] Undefined variable: vol D:\wamp\apache\htdocs\szshop\App\Runtime\Cache\Admin\ecce1abb13ce72d775da114a2786ea11.php 第 43 行.
NOTIC: [8] Undefined variable: vol D:\wamp\apache\htdocs\szshop\App\Runtime\Cache\Admin\ecce1abb13ce72d775da114a2786ea11.php 第 44 行.
NOTIC: [8] Undefined variable: vol D:\wamp\apache\htdocs\szshop\App\Runtime\Cache\Admin\ecce1abb13ce72d775da114a2786ea11.php 第 43 行.
NOTIC: [8] Undefined variable: vol D:\wamp\apache\htdocs\szshop\App\Runtime\Cache\Admin\ecce1abb13ce72d775da114a2786ea11.php 第 44 行.
NOTIC: [8] Undefined variable: vol D:\wamp\apache\htdocs\szshop\App\Runtime\Cache\Admin\ecce1abb13ce72d775da114a2786ea11.php 第 43 行.
NOTIC: [8] Undefined variable: vol D:\wamp\apache\htdocs\szshop\App\Runtime\Cache\Admin\ecce1abb13ce72d775da114a2786ea11.php 第 44 行.
NOTIC: [8] Undefined variable: vol D:\wamp\apache\htdocs\szshop\App\Runtime\Cache\Admin\ecce1abb13ce72d775da114a2786ea11.php 第 43 行.
NOTIC: [8] Undefined variable: vol D:\wamp\apache\htdocs\szshop\App\Runtime\Cache\Admin\ecce1abb13ce72d775da114a2786ea11.php 第 44 行.
NOTIC: [8] Undefined variable: vol D:\wamp\apache\htdocs\szshop\App\Runtime\Cache\Admin\ecce1abb13ce72d775da114a2786ea11.php 第 43 行.
NOTIC: [8] Undefined variable: vol D:\wamp\apache\htdocs\szshop\App\Runtime\Cache\Admin\ecce1abb13ce72d775da114a2786ea11.php 第 44 行.
NOTIC: [8] Undefined variable: vol D:\wamp\apache\htdocs\szshop\App\Runtime\Cache\Admin\ecce1abb13ce72d775da114a2786ea11.php 第 43 行.
NOTIC: [8] Undefined variable: vol D:\wamp\apache\htdocs\szshop\App\Runtime\Cache\Admin\ecce1abb13ce72d775da114a2786ea11.php 第 44 行.
NOTIC: [8] Undefined variable: vol D:\wamp\apache\htdocs\szshop\App\Runtime\Cache\Admin\ecce1abb13ce72d775da114a2786ea11.php 第 43 行.
NOTIC: [8] Undefined variable: vol D:\wamp\apache\htdocs\szshop\App\Runtime\Cache\Admin\ecce1abb13ce72d775da114a2786ea11.php 第 44 行.
NOTIC: [8] Undefined variable: vol D:\wamp\apache\htdocs\szshop\App\Runtime\Cache\Admin\ecce1abb13ce72d775da114a2786ea11.php 第 43 行.
NOTIC: [8] Undefined variable: vol D:\wamp\apache\htdocs\szshop\App\Runtime\Cache\Admin\ecce1abb13ce72d775da114a2786ea11.php 第 44 行.
NOTIC: [8] Undefined variable: vol D:\wamp\apache\htdocs\szshop\App\Runtime\Cache\Admin\ecce1abb13ce72d775da114a2786ea11.php 第 43 行.
NOTIC: [8] Undefined variable: vol D:\wamp\apache\htdocs\szshop\App\Runtime\Cache\Admin\ecce1abb13ce72d775da114a2786ea11.php 第 44 行.
NOTIC: [8] Undefined variable: vol D:\wamp\apache\htdocs\szshop\App\Runtime\Cache\Admin\ecce1abb13ce72d775da114a2786ea11.php 第 43 行.
NOTIC: [8] Undefined variable: vol D:\wamp\apache\htdocs\szshop\App\Runtime\Cache\Admin\ecce1abb13ce72d775da114a2786ea11.php 第 44 行.
NOTIC: [8] Undefined variable: vol D:\wamp\apache\htdocs\szshop\App\Runtime\Cache\Admin\ecce1abb13ce72d775da114a2786ea11.php 第 43 行.
NOTIC: [8] Undefined variable: vol D:\wamp\apache\htdocs\szshop\App\Runtime\Cache\Admin\ecce1abb13ce72d775da114a2786ea11.php 第 44 行.
NOTIC: [8] Undefined variable: vol D:\wamp\apache\htdocs\szshop\App\Runtime\Cache\Admin\ecce1abb13ce72d775da114a2786ea11.php 第 43 行.
NOTIC: [8] Undefined variable: vol D:\wamp\apache\htdocs\szshop\App\Runtime\Cache\Admin\ecce1abb13ce72d775da114a2786ea11.php 第 44 行.
INFO: Run Behavior\ParseTemplateBehavior [ RunTime:0.056437s ]
INFO: [ view_parse ] --END-- [ RunTime:0.056504s ]
INFO: [ view_filter ] --START--
INFO: Run Behavior\WriteHtmlCacheBehavior [ RunTime:0.000427s ]
INFO: [ view_filter ] --END-- [ RunTime:0.000471s ]
INFO: [ app_end ] --START--
INFO: Run Behavior\ShowPageTraceBehavior [ RunTime:0.000904s ]
INFO: [ app_end ] --END-- [ RunTime:0.000981s ]

[ 2016-11-12T18:52:24+08:00 ] 127.0.0.1 /Admin/Role/add
INFO: [ app_init ] --START--
INFO: Run Behavior\BuildLiteBehavior [ RunTime:0.000017s ]
INFO: [ app_init ] --END-- [ RunTime:0.000522s ]
INFO: [ app_begin ] --START--
INFO: Run Behavior\ReadHtmlCacheBehavior [ RunTime:0.000595s ]
INFO: [ app_begin ] --END-- [ RunTime:0.000644s ]
SQL: SHOW COLUMNS FROM `it_admin` [ RunTime:0.0047s ]
SQL: SHOW COLUMNS FROM `it_privilege` [ RunTime:0.0053s ]
SQL: SELECT * FROM `it_privilege`  [ RunTime:0.0020s ]
INFO: [ view_parse ] --START--
INFO: [ template_filter ] --START--
INFO: Run Behavior\ContentReplaceBehavior [ RunTime:0.000074s ]
INFO: [ template_filter ] --END-- [ RunTime:0.000128s ]
NOTIC: [8] Undefined index: child D:\wamp\apache\htdocs\szshop\App\Runtime\Cache\Admin\ae4e3fe6a66539908fe90517dc97b7e4.php 第 64 行.
NOTIC: [2] Invalid argument supplied for foreach() D:\wamp\apache\htdocs\szshop\App\Runtime\Cache\Admin\ae4e3fe6a66539908fe90517dc97b7e4.php 第 64 行.
INFO: Run Behavior\ParseTemplateBehavior [ RunTime:0.018486s ]
INFO: [ view_parse ] --END-- [ RunTime:0.018550s ]
INFO: [ view_filter ] --START--
INFO: Run Behavior\WriteHtmlCacheBehavior [ RunTime:0.000280s ]
INFO: [ view_filter ] --END-- [ RunTime:0.000316s ]
INFO: [ app_end ] --START--
INFO: Run Behavior\ShowPageTraceBehavior [ RunTime:0.000547s ]
INFO: [ app_end ] --END-- [ RunTime:0.000586s ]

[ 2016-11-12T18:57:21+08:00 ] 127.0.0.1 /Admin/Role/lst
INFO: [ app_init ] --START--
INFO: Run Behavior\BuildLiteBehavior [ RunTime:0.000017s ]
INFO: [ app_init ] --END-- [ RunTime:0.000523s ]
INFO: [ app_begin ] --START--
INFO: Run Behavior\ReadHtmlCacheBehavior [ RunTime:0.000704s ]
INFO: [ app_begin ] --END-- [ RunTime:0.000774s ]
SQL: SHOW COLUMNS FROM `it_admin` [ RunTime:0.0083s ]
SQL: SHOW COLUMNS FROM `it_role` [ RunTime:0.0055s ]
SQL: select r.*,group_concat(p.priv_name) priv_name from it_role r left join it_role_privilege r_p on r.id=r_p.role_id left join it_privilege p on r_p.priv_id=p.id group by r.id [ RunTime:0.2120s ]
INFO: [ view_parse ] --START--
INFO: [ template_filter ] --START--
INFO: Run Behavior\ContentReplaceBehavior [ RunTime:0.000062s ]
INFO: [ template_filter ] --END-- [ RunTime:0.000117s ]
NOTIC: [8] Undefined variable: vol D:\wamp\apache\htdocs\szshop\App\Runtime\Cache\Admin\2d189f64fcce026520afd86ab142664f.php 第 36 行.
NOTIC: [8] Undefined variable: vol D:\wamp\apache\htdocs\szshop\App\Runtime\Cache\Admin\2d189f64fcce026520afd86ab142664f.php 第 36 行.
INFO: Run Behavior\ParseTemplateBehavior [ RunTime:0.048192s ]
INFO: [ view_parse ] --END-- [ RunTime:0.048250s ]
INFO: [ view_filter ] --START--
INFO: Run Behavior\WriteHtmlCacheBehavior [ RunTime:0.000399s ]
INFO: [ view_filter ] --END-- [ RunTime:0.000459s ]
INFO: [ app_end ] --START--
INFO: Run Behavior\ShowPageTraceBehavior [ RunTime:0.000687s ]
INFO: [ app_end ] --END-- [ RunTime:0.000732s ]

[ 2016-11-12T19:21:21+08:00 ] 127.0.0.1 /Admin/Privilege/add
INFO: [ app_init ] --START--
INFO: Run Behavior\BuildLiteBehavior [ RunTime:0.000016s ]
INFO: [ app_init ] --END-- [ RunTime:0.000388s ]
INFO: [ app_begin ] --START--
INFO: Run Behavior\ReadHtmlCacheBehavior [ RunTime:0.000829s ]
INFO: [ app_begin ] --END-- [ RunTime:0.000906s ]
SQL: SHOW COLUMNS FROM `it_admin` [ RunTime:0.0745s ]
SQL: SHOW COLUMNS FROM `it_privilege` [ RunTime:0.0065s ]
SQL: SELECT * FROM `it_privilege`  [ RunTime:0.0008s ]
INFO: [ view_parse ] --START--
INFO: [ template_filter ] --START--
INFO: Run Behavior\ContentReplaceBehavior [ RunTime:0.000064s ]
INFO: [ template_filter ] --END-- [ RunTime:0.000114s ]
INFO: Run Behavior\ParseTemplateBehavior [ RunTime:0.006529s ]
INFO: [ view_parse ] --END-- [ RunTime:0.006588s ]
INFO: [ view_filter ] --START--
INFO: Run Behavior\WriteHtmlCacheBehavior [ RunTime:0.000279s ]
INFO: [ view_filter ] --END-- [ RunTime:0.000316s ]
INFO: [ app_end ] --START--
INFO: Run Behavior\ShowPageTraceBehavior [ RunTime:0.000576s ]
INFO: [ app_end ] --END-- [ RunTime:0.000617s ]

[ 2016-11-12T19:35:24+08:00 ] 127.0.0.1 /Admin/Admin/add
INFO: [ app_init ] --START--
INFO: Run Behavior\BuildLiteBehavior [ RunTime:0.000019s ]
INFO: [ app_init ] --END-- [ RunTime:0.006356s ]
INFO: [ app_begin ] --START--
INFO: Run Behavior\ReadHtmlCacheBehavior [ RunTime:0.000614s ]
INFO: [ app_begin ] --END-- [ RunTime:0.000665s ]
SQL: SHOW COLUMNS FROM `it_admin` [ RunTime:0.0246s ]
SQL: SHOW COLUMNS FROM `it_role` [ RunTime:0.0058s ]
SQL: SELECT * FROM `it_role`  [ RunTime:0.0005s ]
INFO: [ view_parse ] --START--
INFO: [ template_filter ] --START--
INFO: Run Behavior\ContentReplaceBehavior [ RunTime:0.000074s ]
INFO: [ template_filter ] --END-- [ RunTime:0.000131s ]
INFO: Run Behavior\ParseTemplateBehavior [ RunTime:0.051490s ]
INFO: [ view_parse ] --END-- [ RunTime:0.051557s ]
INFO: [ view_filter ] --START--
INFO: Run Behavior\WriteHtmlCacheBehavior [ RunTime:0.000343s ]
INFO: [ view_filter ] --END-- [ RunTime:0.000381s ]
INFO: [ app_end ] --START--
INFO: Run Behavior\ShowPageTraceBehavior [ RunTime:0.000558s ]
INFO: [ app_end ] --END-- [ RunTime:0.000598s ]

[ 2016-11-12T19:40:36+08:00 ] 127.0.0.1 /Admin/Goods/add
INFO: [ app_init ] --START--
INFO: Run Behavior\BuildLiteBehavior [ RunTime:0.000016s ]
INFO: [ app_init ] --END-- [ RunTime:0.000388s ]
INFO: [ app_begin ] --START--
INFO: Run Behavior\ReadHtmlCacheBehavior [ RunTime:0.001051s ]
INFO: [ app_begin ] --END-- [ RunTime:0.001189s ]
SQL: SHOW COLUMNS FROM `it_admin` [ RunTime:0.0059s ]
SQL: SHOW COLUMNS FROM `it_goods` [ RunTime:0.0052s ]
SQL: SHOW COLUMNS FROM `it_category` [ RunTime:0.0048s ]
SQL: SELECT * FROM `it_category`  [ RunTime:0.0011s ]
INFO: [ view_parse ] --START--
INFO: [ template_filter ] --START--
INFO: Run Behavior\ContentReplaceBehavior [ RunTime:0.000115s ]
INFO: [ template_filter ] --END-- [ RunTime:0.000167s ]
INFO: Run Behavior\ParseTemplateBehavior [ RunTime:0.007697s ]
INFO: [ view_parse ] --END-- [ RunTime:0.007753s ]
INFO: [ view_filter ] --START--
INFO: Run Behavior\WriteHtmlCacheBehavior [ RunTime:0.000290s ]
INFO: [ view_filter ] --END-- [ RunTime:0.000330s ]
INFO: [ app_end ] --START--
INFO: Run Behavior\ShowPageTraceBehavior [ RunTime:0.000957s ]
INFO: [ app_end ] --END-- [ RunTime:0.001078s ]

[ 2016-11-12T20:51:26+08:00 ] 127.0.0.1 /Admin/Role/add
INFO: [ app_init ] --START--
INFO: Run Behavior\BuildLiteBehavior [ RunTime:0.000015s ]
INFO: [ app_init ] --END-- [ RunTime:0.000472s ]
INFO: [ app_begin ] --START--
INFO: Run Behavior\ReadHtmlCacheBehavior [ RunTime:0.000669s ]
INFO: [ app_begin ] --END-- [ RunTime:0.000730s ]
SQL: SHOW COLUMNS FROM `it_admin` [ RunTime:0.0315s ]
SQL: SHOW COLUMNS FROM `it_privilege` [ RunTime:0.0049s ]
SQL: SELECT * FROM `it_privilege`  [ RunTime:0.0007s ]
INFO: [ view_parse ] --START--
INFO: [ template_filter ] --START--
INFO: Run Behavior\ContentReplaceBehavior [ RunTime:0.000081s ]
INFO: [ template_filter ] --END-- [ RunTime:0.000148s ]
NOTIC: [8] Undefined index: child D:\wamp\apache\htdocs\szshop\App\Runtime\Cache\Admin\ae4e3fe6a66539908fe90517dc97b7e4.php 第 64 行.
NOTIC: [2] Invalid argument supplied for foreach() D:\wamp\apache\htdocs\szshop\App\Runtime\Cache\Admin\ae4e3fe6a66539908fe90517dc97b7e4.php 第 64 行.
INFO: Run Behavior\ParseTemplateBehavior [ RunTime:0.012509s ]
INFO: [ view_parse ] --END-- [ RunTime:0.012586s ]
INFO: [ view_filter ] --START--
INFO: Run Behavior\WriteHtmlCacheBehavior [ RunTime:0.000287s ]
INFO: [ view_filter ] --END-- [ RunTime:0.000324s ]
INFO: [ app_end ] --START--
INFO: Run Behavior\ShowPageTraceBehavior [ RunTime:0.000575s ]
INFO: [ app_end ] --END-- [ RunTime:0.000622s ]

