[ 2016-11-10T09:01:14+08:00 ] 127.0.0.1 /favicon.ico
INFO: [ app_init ] --START--
INFO: Run Behavior\BuildLiteBehavior [ RunTime:0.000017s ]
INFO: [ app_init ] --END-- [ RunTime:0.000503s ]
ERR: 无法加载模块:Favicon

[ 2016-11-10T17:25:21+08:00 ] 127.0.0.1 /Public/Uploads/2016-11-04/thumb_581c8ddfe2be8.jpg
INFO: [ app_init ] --START--
INFO: Run Behavior\BuildLiteBehavior [ RunTime:0.000026s ]
INFO: [ app_init ] --END-- [ RunTime:0.000646s ]
ERR: 无法加载模块:Public

[ 2016-11-10T17:25:55+08:00 ] 127.0.0.1 /Public/Admin/js/utils.js
INFO: [ app_init ] --START--
INFO: Run Behavior\BuildLiteBehavior [ RunTime:0.000024s ]
INFO: [ app_init ] --END-- [ RunTime:0.000613s ]
ERR: 无法加载模块:Public

[ 2016-11-10T17:27:44+08:00 ] 127.0.0.1 /Public/Uploads/2016-11-04/thumb_581c8ddfe2be8.jpg
INFO: [ app_init ] --START--
INFO: Run Behavior\BuildLiteBehavior [ RunTime:0.000033s ]
INFO: [ app_init ] --END-- [ RunTime:0.000661s ]
ERR: 无法加载模块:Public

[ 2016-11-10T17:32:31+08:00 ] 127.0.0.1 /Public/Uploads/2016-11-04/thumb_581c8ddfe2be8.jpg
INFO: [ app_init ] --START--
INFO: Run Behavior\BuildLiteBehavior [ RunTime:0.000066s ]
INFO: [ app_init ] --END-- [ RunTime:0.001435s ]
ERR: 无法加载模块:Public

[ 2016-11-10T17:35:01+08:00 ] 127.0.0.1 /Public/Uploads/2016-11-04/thumb_581c8ddfe2be8.jpg
INFO: [ app_init ] --START--
INFO: Run Behavior\BuildLiteBehavior [ RunTime:0.000026s ]
INFO: [ app_init ] --END-- [ RunTime:0.000580s ]
ERR: 无法加载模块:Public

[ 2016-11-10T17:35:01+08:00 ] 127.0.0.1 /Public/Uploads/Goods/2016/11/1a56108434f4693ed85c4b0ce978352cd.jpg
INFO: [ app_init ] --START--
INFO: Run Behavior\BuildLiteBehavior [ RunTime:0.000025s ]
INFO: [ app_init ] --END-- [ RunTime:0.000616s ]
ERR: 无法加载模块:Public

[ 2016-11-10T17:36:02+08:00 ] 127.0.0.1 /Public/Uploads/2016-11-04/thumb_581c8ddfe2be8.jpg
INFO: [ app_init ] --START--
INFO: Run Behavior\BuildLiteBehavior [ RunTime:0.000031s ]
INFO: [ app_init ] --END-- [ RunTime:0.000677s ]
ERR: 无法加载模块:Public

[ 2016-11-10T17:36:02+08:00 ] 127.0.0.1 /Public/Uploads/Goods/2016/11/1a56108434f4693ed85c4b0ce978352cd.jpg
INFO: [ app_init ] --START--
INFO: Run Behavior\BuildLiteBehavior [ RunTime:0.000018s ]
INFO: [ app_init ] --END-- [ RunTime:0.000637s ]
ERR: 无法加载模块:Public

[ 2016-11-10T17:41:39+08:00 ] 127.0.0.1 /Public/Home/images/zoomloader.gif
INFO: [ app_init ] --START--
INFO: Run Behavior\BuildLiteBehavior [ RunTime:0.000015s ]
INFO: [ app_init ] --END-- [ RunTime:0.000338s ]
ERR: 无法加载模块:Public

[ 2016-11-10T17:42:10+08:00 ] 127.0.0.1 /Public/Home/images/zoomloader.gif
INFO: [ app_init ] --START--
INFO: Run Behavior\BuildLiteBehavior [ RunTime:0.000015s ]
INFO: [ app_init ] --END-- [ RunTime:0.000346s ]
ERR: 无法加载模块:Public

[ 2016-11-10T17:45:44+08:00 ] 127.0.0.1 /Public/Uploads/Goods/2016/11/1a56108434f4693ed85c4b0ce978352cd.jpg
INFO: [ app_init ] --START--
INFO: Run Behavior\BuildLiteBehavior [ RunTime:0.000024s ]
INFO: [ app_init ] --END-- [ RunTime:0.000680s ]
ERR: 无法加载模块:Public

[ 2016-11-10T17:45:44+08:00 ] 127.0.0.1 /Public/Uploads/2016-11-04/thumb_581c8ddfe2be8.jpg
INFO: [ app_init ] --START--
INFO: Run Behavior\BuildLiteBehavior [ RunTime:0.000021s ]
INFO: [ app_init ] --END-- [ RunTime:0.000780s ]
ERR: 无法加载模块:Public

[ 2016-11-10T17:46:27+08:00 ] 127.0.0.1 /Public/Home/images/zoomloader.gif
INFO: [ app_init ] --START--
INFO: Run Behavior\BuildLiteBehavior [ RunTime:0.000016s ]
INFO: [ app_init ] --END-- [ RunTime:0.000341s ]
ERR: 无法加载模块:Public

[ 2016-11-10T17:47:08+08:00 ] 127.0.0.1 /Public/Uploads/Goods/2016/11/1a56108434f4693ed85c4b0ce978352cd.jpg
INFO: [ app_init ] --START--
INFO: Run Behavior\BuildLiteBehavior [ RunTime:0.000025s ]
INFO: [ app_init ] --END-- [ RunTime:0.000772s ]
ERR: 无法加载模块:Public

[ 2016-11-10T17:47:08+08:00 ] 127.0.0.1 /Public/Uploads/2016-11-04/thumb_581c8ddfe2be8.jpg
INFO: [ app_init ] --START--
INFO: Run Behavior\BuildLiteBehavior [ RunTime:0.000022s ]
INFO: [ app_init ] --END-- [ RunTime:0.000533s ]
ERR: 无法加载模块:Public

[ 2016-11-10T17:48:26+08:00 ] 127.0.0.1 /Public/Uploads/Goods/2016/11/1a56108434f4693ed85c4b0ce978352cd.jpg
INFO: [ app_init ] --START--
INFO: Run Behavior\BuildLiteBehavior [ RunTime:0.000030s ]
INFO: [ app_init ] --END-- [ RunTime:0.001245s ]
ERR: 无法加载模块:Public

[ 2016-11-10T17:48:26+08:00 ] 127.0.0.1 /Public/Uploads/2016-11-04/thumb_581c8ddfe2be8.jpg
INFO: [ app_init ] --START--
INFO: Run Behavior\BuildLiteBehavior [ RunTime:0.000025s ]
INFO: [ app_init ] --END-- [ RunTime:0.000804s ]
ERR: 无法加载模块:Public

[ 2016-11-10T17:49:13+08:00 ] 127.0.0.1 /Public/Uploads/Goods/2016/11/1a56108434f4693ed85c4b0ce978352cd.jpg
INFO: [ app_init ] --START--
INFO: Run Behavior\BuildLiteBehavior [ RunTime:0.000025s ]
INFO: [ app_init ] --END-- [ RunTime:0.000571s ]
ERR: 无法加载模块:Public

[ 2016-11-10T17:49:13+08:00 ] 127.0.0.1 /Public/Uploads/2016-11-04/thumb_581c8ddfe2be8.jpg
INFO: [ app_init ] --START--
INFO: Run Behavior\BuildLiteBehavior [ RunTime:0.000025s ]
INFO: [ app_init ] --END-- [ RunTime:0.000617s ]
ERR: 无法加载模块:Public

[ 2016-11-10T17:49:16+08:00 ] 127.0.0.1 /Public/Uploads/2016-11-04/thumb_581c8ddfe2be8.jpg
INFO: [ app_init ] --START--
INFO: Run Behavior\BuildLiteBehavior [ RunTime:0.002160s ]
INFO: [ app_init ] --END-- [ RunTime:0.007681s ]
ERR: 无法加载模块:Public

[ 2016-11-10T17:49:16+08:00 ] 127.0.0.1 /Public/Uploads/Goods/2016/11/1a56108434f4693ed85c4b0ce978352cd.jpg
INFO: [ app_init ] --START--
INFO: Run Behavior\BuildLiteBehavior [ RunTime:0.000044s ]
INFO: [ app_init ] --END-- [ RunTime:0.001001s ]
ERR: 无法加载模块:Public

[ 2016-11-10T17:50:49+08:00 ] 127.0.0.1 /Public/Uploads/2016-11-04/thumb_581c8ddfe2be8.jpg
INFO: [ app_init ] --START--
INFO: Run Behavior\BuildLiteBehavior [ RunTime:0.000026s ]
INFO: [ app_init ] --END-- [ RunTime:0.000566s ]
ERR: 无法加载模块:Public

[ 2016-11-10T17:50:49+08:00 ] 127.0.0.1 /Public/Uploads/Goods/2016/11/1a56108434f4693ed85c4b0ce978352cd.jpg
INFO: [ app_init ] --START--
INFO: Run Behavior\BuildLiteBehavior [ RunTime:0.000022s ]
INFO: [ app_init ] --END-- [ RunTime:0.000557s ]
ERR: 无法加载模块:Public

[ 2016-11-10T17:50:57+08:00 ] 127.0.0.1 /Public/Home/images/zoomloader.gif
INFO: [ app_init ] --START--
INFO: Run Behavior\BuildLiteBehavior [ RunTime:0.000020s ]
INFO: [ app_init ] --END-- [ RunTime:0.000686s ]
ERR: 无法加载模块:Public

[ 2016-11-10T18:15:41+08:00 ] 127.0.0.1 /Public/Uploads/Goods/2016/11/1a56108434f4693ed85c4b0ce978352cd.jpg
INFO: [ app_init ] --START--
INFO: Run Behavior\BuildLiteBehavior [ RunTime:0.000018s ]
INFO: [ app_init ] --END-- [ RunTime:0.000594s ]
ERR: 无法加载模块:Public

[ 2016-11-10T18:15:41+08:00 ] 127.0.0.1 /Public/Uploads/2016-11-04/thumb_581c8ddfe2be8.jpg
INFO: [ app_init ] --START--
INFO: Run Behavior\BuildLiteBehavior [ RunTime:0.000018s ]
INFO: [ app_init ] --END-- [ RunTime:0.000419s ]
ERR: 无法加载模块:Public

[ 2016-11-10T18:16:15+08:00 ] 127.0.0.1 /Public/Uploads/2016-11-04/thumb_581c8ddfe2be8.jpg
INFO: [ app_init ] --START--
INFO: Run Behavior\BuildLiteBehavior [ RunTime:0.000027s ]
INFO: [ app_init ] --END-- [ RunTime:0.001066s ]
ERR: 无法加载模块:Public

[ 2016-11-10T18:16:15+08:00 ] 127.0.0.1 /Public/Uploads/Goods/2016/11/1a56108434f4693ed85c4b0ce978352cd.jpg
INFO: [ app_init ] --START--
INFO: Run Behavior\BuildLiteBehavior [ RunTime:0.000015s ]
INFO: [ app_init ] --END-- [ RunTime:0.000401s ]
ERR: 无法加载模块:Public

